<?xml version="1.0" encoding="UTF-8" ?>
<testsuite errors="3" failures="0" hostname="MacBook-Pro-di-Francesco-4.local" name="GestoreAccountRemoto.GestoreAccountRemotoTest" skipped="0" tests="3" time="38.35" timestamp="2014-05-14T09:11:42">
  <properties>
[...]
</properties>
  <testcase classname="GestoreAccountRemoto.GestoreAccountRemotoTest" name="testVerificaDatiAccount" time="18.536">
    <error message="Failed to deploy EJB modules - see log for details" type="javax.ejb.EJBException">javax.ejb.EJBException: Failed to deploy EJB modules - see log for details
	at org.glassfish.ejb.embedded.EJBContainerImpl.deploy(EJBContainerImpl.java:149)
	at org.glassfish.ejb.embedded.EJBContainerProviderImpl.createEJBContainer(EJBContainerProviderImpl.java:134)
	at javax.ejb.embeddable.EJBContainer.createEJBContainer(EJBContainer.java:127)
	at javax.ejb.embeddable.EJBContainer.createEJBContainer(EJBContainer.java:102)
	at GestoreAccountRemoto.GestoreAccountRemotoTest.testVerificaDatiAccount(GestoreAccountRemotoTest.java:71)
</error>
  </testcase>
  <testcase classname="GestoreAccountRemoto.GestoreAccountRemotoTest" name="testGetResult" time="10.089">
    <error message="Failed to deploy EJB modules - see log for details" type="javax.ejb.EJBException">javax.ejb.EJBException: Failed to deploy EJB modules - see log for details
	at org.glassfish.ejb.embedded.EJBContainerImpl.deploy(EJBContainerImpl.java:149)
	at org.glassfish.ejb.embedded.EJBContainerProviderImpl.createEJBContainer(EJBContainerProviderImpl.java:134)
	at javax.ejb.embeddable.EJBContainer.createEJBContainer(EJBContainer.java:127)
	at javax.ejb.embeddable.EJBContainer.createEJBContainer(EJBContainer.java:102)
	at GestoreAccountRemoto.GestoreAccountRemotoTest.testGetResult(GestoreAccountRemotoTest.java:49)
</error>
  </testcase>
  <testcase classname="GestoreAccountRemoto.GestoreAccountRemotoTest" name="testVerificaDatiLogin" time="9.347">
    <error message="Failed to deploy EJB modules - see log for details" type="javax.ejb.EJBException">javax.ejb.EJBException: Failed to deploy EJB modules - see log for details
	at org.glassfish.ejb.embedded.EJBContainerImpl.deploy(EJBContainerImpl.java:149)
	at org.glassfish.ejb.embedded.EJBContainerProviderImpl.createEJBContainer(EJBContainerProviderImpl.java:134)
	at javax.ejb.embeddable.EJBContainer.createEJBContainer(EJBContainer.java:127)
	at javax.ejb.embeddable.EJBContainer.createEJBContainer(EJBContainer.java:102)
	at GestoreAccountRemoto.GestoreAccountRemotoTest.testVerificaDatiLogin(GestoreAccountRemotoTest.java:89)
</error>
  </testcase>
  <system-out><![CDATA[verificaDatiAccount
Found populator: org.glassfish.kernel.embedded.EmbeddedDomainXml
JdbcRuntimeExtension,  getAllSystemRAResourcesAndPools = [GlassFishConfigBean.org.glassfish.jdbc.config.JdbcResource, GlassFishConfigBean.org.glassfish.jdbc.config.JdbcResource, GlassFishConfigBean.org.glassfish.jdbc.config.JdbcResource, GlassFishConfigBean.org.glassfish.jdbc.config.JdbcConnectionPool, GlassFishConfigBean.org.glassfish.jdbc.config.JdbcConnectionPool, GlassFishConfigBean.org.glassfish.jdbc.config.JdbcConnectionPool, GlassFishConfigBean.org.glassfish.jdbc.config.JdbcConnectionPool, GlassFishConfigBean.org.glassfish.jdbc.config.JdbcResource, GlassFishConfigBean.org.glassfish.jdbc.config.JdbcConnectionPool, GlassFishConfigBean.org.glassfish.jdbc.config.JdbcResource]
JdbcRuntimeExtension,  getAllSystemRAResourcesAndPools = [GlassFishConfigBean.org.glassfish.jdbc.config.JdbcResource, GlassFishConfigBean.org.glassfish.jdbc.config.JdbcResource, GlassFishConfigBean.org.glassfish.jdbc.config.JdbcResource, GlassFishConfigBean.org.glassfish.jdbc.config.JdbcConnectionPool, GlassFishConfigBean.org.glassfish.jdbc.config.JdbcConnectionPool, GlassFishConfigBean.org.glassfish.jdbc.config.JdbcConnectionPool, GlassFishConfigBean.org.glassfish.jdbc.config.JdbcConnectionPool, GlassFishConfigBean.org.glassfish.jdbc.config.JdbcResource, GlassFishConfigBean.org.glassfish.jdbc.config.JdbcConnectionPool, GlassFishConfigBean.org.glassfish.jdbc.config.JdbcResource]
JdbcRuntimeExtension,  getAllSystemRAResourcesAndPools = [GlassFishConfigBean.org.glassfish.jdbc.config.JdbcResource, GlassFishConfigBean.org.glassfish.jdbc.config.JdbcResource, GlassFishConfigBean.org.glassfish.jdbc.config.JdbcResource, GlassFishConfigBean.org.glassfish.jdbc.config.JdbcConnectionPool, GlassFishConfigBean.org.glassfish.jdbc.config.JdbcConnectionPool, GlassFishConfigBean.org.glassfish.jdbc.config.JdbcConnectionPool, GlassFishConfigBean.org.glassfish.jdbc.config.JdbcConnectionPool, GlassFishConfigBean.org.glassfish.jdbc.config.JdbcResource, GlassFishConfigBean.org.glassfish.jdbc.config.JdbcConnectionPool, GlassFishConfigBean.org.glassfish.jdbc.config.JdbcResource]
getResult
Found populator: org.glassfish.kernel.embedded.EmbeddedDomainXml
JdbcRuntimeExtension,  getAllSystemRAResourcesAndPools = [GlassFishConfigBean.org.glassfish.jdbc.config.JdbcResource, GlassFishConfigBean.org.glassfish.jdbc.config.JdbcResource, GlassFishConfigBean.org.glassfish.jdbc.config.JdbcResource, GlassFishConfigBean.org.glassfish.jdbc.config.JdbcConnectionPool, GlassFishConfigBean.org.glassfish.jdbc.config.JdbcConnectionPool, GlassFishConfigBean.org.glassfish.jdbc.config.JdbcConnectionPool, GlassFishConfigBean.org.glassfish.jdbc.config.JdbcConnectionPool, GlassFishConfigBean.org.glassfish.jdbc.config.JdbcResource, GlassFishConfigBean.org.glassfish.jdbc.config.JdbcConnectionPool, GlassFishConfigBean.org.glassfish.jdbc.config.JdbcResource]
JdbcRuntimeExtension,  getAllSystemRAResourcesAndPools = [GlassFishConfigBean.org.glassfish.jdbc.config.JdbcResource, GlassFishConfigBean.org.glassfish.jdbc.config.JdbcResource, GlassFishConfigBean.org.glassfish.jdbc.config.JdbcResource, GlassFishConfigBean.org.glassfish.jdbc.config.JdbcConnectionPool, GlassFishConfigBean.org.glassfish.jdbc.config.JdbcConnectionPool, GlassFishConfigBean.org.glassfish.jdbc.config.JdbcConnectionPool, GlassFishConfigBean.org.glassfish.jdbc.config.JdbcConnectionPool, GlassFishConfigBean.org.glassfish.jdbc.config.JdbcResource, GlassFishConfigBean.org.glassfish.jdbc.config.JdbcConnectionPool, GlassFishConfigBean.org.glassfish.jdbc.config.JdbcResource]
JdbcRuntimeExtension,  getAllSystemRAResourcesAndPools = [GlassFishConfigBean.org.glassfish.jdbc.config.JdbcResource, GlassFishConfigBean.org.glassfish.jdbc.config.JdbcResource, GlassFishConfigBean.org.glassfish.jdbc.config.JdbcResource, GlassFishConfigBean.org.glassfish.jdbc.config.JdbcConnectionPool, GlassFishConfigBean.org.glassfish.jdbc.config.JdbcConnectionPool, GlassFishConfigBean.org.glassfish.jdbc.config.JdbcConnectionPool, GlassFishConfigBean.org.glassfish.jdbc.config.JdbcConnectionPool, GlassFishConfigBean.org.glassfish.jdbc.config.JdbcResource, GlassFishConfigBean.org.glassfish.jdbc.config.JdbcConnectionPool, GlassFishConfigBean.org.glassfish.jdbc.config.JdbcResource]
verificaDatiLogin
Found populator: org.glassfish.kernel.embedded.EmbeddedDomainXml
JdbcRuntimeExtension,  getAllSystemRAResourcesAndPools = [GlassFishConfigBean.org.glassfish.jdbc.config.JdbcResource, GlassFishConfigBean.org.glassfish.jdbc.config.JdbcResource, GlassFishConfigBean.org.glassfish.jdbc.config.JdbcResource, GlassFishConfigBean.org.glassfish.jdbc.config.JdbcConnectionPool, GlassFishConfigBean.org.glassfish.jdbc.config.JdbcConnectionPool, GlassFishConfigBean.org.glassfish.jdbc.config.JdbcConnectionPool, GlassFishConfigBean.org.glassfish.jdbc.config.JdbcConnectionPool, GlassFishConfigBean.org.glassfish.jdbc.config.JdbcResource, GlassFishConfigBean.org.glassfish.jdbc.config.JdbcConnectionPool, GlassFishConfigBean.org.glassfish.jdbc.config.JdbcResource]
JdbcRuntimeExtension,  getAllSystemRAResourcesAndPools = [GlassFishConfigBean.org.glassfish.jdbc.config.JdbcResource, GlassFishConfigBean.org.glassfish.jdbc.config.JdbcResource, GlassFishConfigBean.org.glassfish.jdbc.config.JdbcResource, GlassFishConfigBean.org.glassfish.jdbc.config.JdbcConnectionPool, GlassFishConfigBean.org.glassfish.jdbc.config.JdbcConnectionPool, GlassFishConfigBean.org.glassfish.jdbc.config.JdbcConnectionPool, GlassFishConfigBean.org.glassfish.jdbc.config.JdbcConnectionPool, GlassFishConfigBean.org.glassfish.jdbc.config.JdbcResource, GlassFishConfigBean.org.glassfish.jdbc.config.JdbcConnectionPool, GlassFishConfigBean.org.glassfish.jdbc.config.JdbcResource]
JdbcRuntimeExtension,  getAllSystemRAResourcesAndPools = [GlassFishConfigBean.org.glassfish.jdbc.config.JdbcResource, GlassFishConfigBean.org.glassfish.jdbc.config.JdbcResource, GlassFishConfigBean.org.glassfish.jdbc.config.JdbcResource, GlassFishConfigBean.org.glassfish.jdbc.config.JdbcConnectionPool, GlassFishConfigBean.org.glassfish.jdbc.config.JdbcConnectionPool, GlassFishConfigBean.org.glassfish.jdbc.config.JdbcConnectionPool, GlassFishConfigBean.org.glassfish.jdbc.config.JdbcConnectionPool, GlassFishConfigBean.org.glassfish.jdbc.config.JdbcResource, GlassFishConfigBean.org.glassfish.jdbc.config.JdbcConnectionPool, GlassFishConfigBean.org.glassfish.jdbc.config.JdbcResource]
]]></system-out>
  <system-err><![CDATA[mag 14, 2014 11:11:42 AM org.glassfish.ejb.embedded.EJBContainerProviderImpl createContainer
Informazioni: [EJBContainerProviderImpl] Using installation location /Applications/NetBeans/glassfish-4.0/glassfish
mag 14, 2014 11:11:42 AM org.glassfish.ejb.embedded.EJBContainerProviderImpl createContainer
Informazioni: [EJBContainerProviderImpl] Using config file location: file:/var/folders/91/_96jrfg142941qywygtds82w0000gn/T/domain1186367282086313387xml
mag 14, 2014 11:11:42 AM org.glassfish.ejb.embedded.EJBContainerProviderImpl createContainer
Informazioni: [EJBContainerProviderImpl] Using runtime class: class com.sun.enterprise.glassfish.bootstrap.StaticGlassFishRuntime
log4j:WARN No appenders could be found for logger (org.jboss.logging).
log4j:WARN Please initialize the log4j system properly.
log4j:WARN See http://logging.apache.org/log4j/1.2/faq.html#noconfig for more info.
mag 14, 2014 11:11:45 AM com.sun.enterprise.security.auth.realm.Realm doInstantiate
Informazioni: realm.loaded.successfully
mag 14, 2014 11:11:45 AM com.sun.enterprise.security.auth.realm.Realm doInstantiate
Informazioni: realm.loaded.successfully
mag 14, 2014 11:11:45 AM com.sun.enterprise.security.auth.realm.Realm doInstantiate
Informazioni: realm.loaded.successfully
mag 14, 2014 11:11:45 AM org.glassfish.ha.store.spi.BackingStoreFactoryRegistry register
Informazioni: Registered org.glassfish.ha.store.adapter.cache.ShoalBackingStoreProxy for persistence-type = replicated in BackingStoreFactoryRegistry
mag 14, 2014 11:11:45 AM com.sun.enterprise.v3.server.AppServerStartup postStartupJob
Informazioni: GlassFish Server Open Source Edition  4.0  (89) startup time : Embedded (1.259ms), startup services(1.219ms), total(2.478ms)
mag 14, 2014 11:11:45 AM org.glassfish.security.services.impl.authorization.AuthorizationServiceImpl initialize
Informazioni: Authorization Service has successfully initialized.
mag 14, 2014 11:11:45 AM org.glassfish.admin.mbeanserver.JMXStartupService$JMXConnectorsStarterThread run
Informazioni: JMXStartupService has disabled JMXConnector system
mag 14, 2014 11:11:45 AM org.glassfish.jersey.server.ApplicationHandler initialize
Informazioni: Initiating Jersey application, version Jersey: 2.0 2013-05-03 14:50:15...
mag 14, 2014 11:11:47 AM org.glassfish.admin.mbeanserver.JMXStartupService shutdown
Informazioni: JMXStartupService and JMXConnectors have been shut down.
mag 14, 2014 11:11:47 AM com.sun.enterprise.v3.server.AppServerStartup stop
Informazioni: Shutdown procedure finished
mag 14, 2014 11:11:47 AM org.glassfish.ha.store.spi.BackingStoreFactoryRegistry register
Informazioni: Registered org.glassfish.ha.store.adapter.cache.ShoalBackingStoreProxy for persistence-type = replicated in BackingStoreFactoryRegistry
mag 14, 2014 11:11:47 AM com.sun.enterprise.v3.server.AppServerStartup postStartupJob
Informazioni: GlassFish Server Open Source Edition  4.0  (89) startup time : Embedded (4.673ms), startup services(24ms), total(4.697ms)
mag 14, 2014 11:11:47 AM org.glassfish.admin.mbeanserver.JMXStartupService$JMXConnectorsStarterThread run
Informazioni: JMXStartupService has disabled JMXConnector system
mag 14, 2014 11:11:47 AM org.glassfish.jersey.server.ApplicationHandler initialize
Informazioni: Initiating Jersey application, version Jersey: 2.0 2013-05-03 14:50:15...
mag 14, 2014 11:11:48 AM org.glassfish.ejb.embedded.EJBContainerProviderImpl skipJar
Informazioni: ... skipping entry with a Manifest file with a special attribute: org.eclipse.persistence.jpa.jpql_2.5.1.v20130918-f2b9fc5.jar
mag 14, 2014 11:11:48 AM org.glassfish.ejb.embedded.EJBContainerProviderImpl skipJar
Informazioni: ... skipping entry with a Manifest file with a special attribute: webservices-api-osgi.jar
mag 14, 2014 11:11:48 AM org.glassfish.ejb.embedded.EJBContainerProviderImpl skipJar
Informazioni: ... skipping module: bean-validator.jar
mag 14, 2014 11:11:48 AM org.glassfish.ejb.embedded.EJBContainerProviderImpl skipJar
Informazioni: ... skipping module: javax.batch-api.jar
mag 14, 2014 11:11:48 AM org.glassfish.ejb.embedded.EJBContainerProviderImpl skipJar
Informazioni: ... skipping module: javax.ejb-api.jar
mag 14, 2014 11:11:48 AM org.glassfish.ejb.embedded.EJBContainerProviderImpl skipJar
Informazioni: ... skipping module: javax.el.jar
mag 14, 2014 11:11:48 AM org.glassfish.ejb.embedded.EJBContainerProviderImpl skipJar
Informazioni: ... skipping module: javax.enterprise.concurrent-api.jar
mag 14, 2014 11:11:48 AM org.glassfish.ejb.embedded.EJBContainerProviderImpl skipJar
Informazioni: ... skipping module: javax.enterprise.concurrent.jar
mag 14, 2014 11:11:48 AM org.glassfish.ejb.embedded.EJBContainerProviderImpl skipJar
Informazioni: ... skipping module: javax.enterprise.deploy-api.jar
mag 14, 2014 11:11:48 AM org.glassfish.ejb.embedded.EJBContainerProviderImpl skipJar
Informazioni: ... skipping module: javax.faces.jar
mag 14, 2014 11:11:48 AM org.glassfish.ejb.embedded.EJBContainerProviderImpl skipJar
Informazioni: ... skipping module: javax.inject.jar
mag 14, 2014 11:11:48 AM org.glassfish.ejb.embedded.EJBContainerProviderImpl skipJar
Informazioni: ... skipping module: javax.interceptor-api.jar
mag 14, 2014 11:11:48 AM org.glassfish.ejb.embedded.EJBContainerProviderImpl skipJar
Informazioni: ... skipping module: javax.jms-api.jar
mag 14, 2014 11:11:48 AM org.glassfish.ejb.embedded.EJBContainerProviderImpl skipJar
Informazioni: ... skipping module: javax.json.jar
mag 14, 2014 11:11:48 AM org.glassfish.ejb.embedded.EJBContainerProviderImpl skipJar
Informazioni: ... skipping module: javax.mail.jar
mag 14, 2014 11:11:48 AM org.glassfish.ejb.embedded.EJBContainerProviderImpl skipJar
Informazioni: ... skipping module: javax.management.j2ee-api.jar
mag 14, 2014 11:11:48 AM org.glassfish.ejb.embedded.EJBContainerProviderImpl skipJar
Informazioni: ... skipping module: javax.persistence.jar
mag 14, 2014 11:11:48 AM org.glassfish.ejb.embedded.EJBContainerProviderImpl skipJar
Informazioni: ... skipping module: javax.resource-api.jar
mag 14, 2014 11:11:48 AM org.glassfish.ejb.embedded.EJBContainerProviderImpl skipJar
Informazioni: ... skipping module: javax.security.auth.message-api.jar
mag 14, 2014 11:11:48 AM org.glassfish.ejb.embedded.EJBContainerProviderImpl skipJar
Informazioni: ... skipping module: javax.security.jacc-api.jar
mag 14, 2014 11:11:48 AM org.glassfish.ejb.embedded.EJBContainerProviderImpl skipJar
Informazioni: ... skipping module: javax.servlet-api.jar
mag 14, 2014 11:11:48 AM org.glassfish.ejb.embedded.EJBContainerProviderImpl skipJar
Informazioni: ... skipping module: javax.servlet.jsp-api.jar
mag 14, 2014 11:11:48 AM org.glassfish.ejb.embedded.EJBContainerProviderImpl skipJar
Informazioni: ... skipping module: javax.servlet.jsp.jar
mag 14, 2014 11:11:48 AM org.glassfish.ejb.embedded.EJBContainerProviderImpl skipJar
Informazioni: ... skipping module: javax.servlet.jsp.jstl-api.jar
mag 14, 2014 11:11:48 AM org.glassfish.ejb.embedded.EJBContainerProviderImpl skipJar
Informazioni: ... skipping module: javax.servlet.jsp.jstl.jar
mag 14, 2014 11:11:48 AM org.glassfish.ejb.embedded.EJBContainerProviderImpl skipJar
Informazioni: ... skipping module: javax.transaction-api.jar
mag 14, 2014 11:11:48 AM org.glassfish.ejb.embedded.EJBContainerProviderImpl skipJar
Informazioni: ... skipping module: javax.websocket-api.jar
mag 14, 2014 11:11:48 AM org.glassfish.ejb.embedded.EJBContainerProviderImpl skipJar
Informazioni: ... skipping module: javax.ws.rs-api.jar
mag 14, 2014 11:11:48 AM org.glassfish.ejb.embedded.EJBContainerProviderImpl skipJar
Informazioni: ... skipping module: javax.xml.registry-api.jar
mag 14, 2014 11:11:48 AM org.glassfish.ejb.embedded.EJBContainerProviderImpl skipJar
Informazioni: ... skipping module: javax.xml.rpc-api.jar
mag 14, 2014 11:11:48 AM org.glassfish.ejb.embedded.EJBContainerProviderImpl skipJar
Informazioni: ... skipping module: jaxb-osgi.jar
mag 14, 2014 11:11:48 AM org.glassfish.ejb.embedded.EJBContainerProviderImpl skipJar
Informazioni: ... skipping module: webservices-osgi.jar
mag 14, 2014 11:11:48 AM org.glassfish.ejb.embedded.EJBContainerProviderImpl skipJar
Informazioni: ... skipping module: weld-osgi-bundle.jar
mag 14, 2014 11:11:48 AM org.glassfish.ejb.embedded.EJBContainerProviderImpl skipJar
Informazioni: ... skipping entry with a Manifest file with a special attribute: glassfish-embedded-static-shell.jar
mag 14, 2014 11:11:48 AM org.glassfish.ejb.embedded.DeploymentElement getOrCreateApplication
Informazioni: [DeploymentElement] adding EJB module to ScatteredArchive classes
mag 14, 2014 11:11:48 AM org.glassfish.ejb.embedded.DeploymentElement getOrCreateApplication
Informazioni: [DeploymentElement] adding library to ScatteredArchive slf4j-log4j12-1.7.7.jar
mag 14, 2014 11:11:48 AM org.glassfish.ejb.embedded.DeploymentElement getOrCreateApplication
Informazioni: [DeploymentElement] adding library to ScatteredArchive json-lib-2.4-jdk15.jar
mag 14, 2014 11:11:48 AM org.glassfish.ejb.embedded.DeploymentElement getOrCreateApplication
Informazioni: [DeploymentElement] adding library to ScatteredArchive webcam-capture-0.3.10-RC6.jar
mag 14, 2014 11:11:48 AM org.glassfish.ejb.embedded.DeploymentElement getOrCreateApplication
Informazioni: [DeploymentElement] adding library to ScatteredArchive javax.annotation-api.jar
mag 14, 2014 11:11:48 AM org.glassfish.ejb.embedded.DeploymentElement getOrCreateApplication
Informazioni: [DeploymentElement] adding library to ScatteredArchive slf4j-jdk14-1.7.7.jar
mag 14, 2014 11:11:48 AM org.glassfish.ejb.embedded.DeploymentElement getOrCreateApplication
Informazioni: [DeploymentElement] adding library to ScatteredArchive ant.jar
mag 14, 2014 11:11:48 AM org.glassfish.ejb.embedded.DeploymentElement getOrCreateApplication
Informazioni: [DeploymentElement] adding library to ScatteredArchive log4j-1.2.17.jar
mag 14, 2014 11:11:48 AM org.glassfish.ejb.embedded.DeploymentElement getOrCreateApplication
Informazioni: [DeploymentElement] adding library to ScatteredArchive classes
mag 14, 2014 11:11:48 AM org.glassfish.ejb.embedded.DeploymentElement getOrCreateApplication
Informazioni: [DeploymentElement] adding library to ScatteredArchive javax.persistence_2.1.0.v201304241213.jar
mag 14, 2014 11:11:48 AM org.glassfish.ejb.embedded.DeploymentElement getOrCreateApplication
Informazioni: [DeploymentElement] adding library to ScatteredArchive jaxm-api.jar
mag 14, 2014 11:11:48 AM org.glassfish.ejb.embedded.DeploymentElement getOrCreateApplication
Informazioni: [DeploymentElement] adding library to ScatteredArchive commons-lang-2.6.jar
mag 14, 2014 11:11:48 AM org.glassfish.ejb.embedded.DeploymentElement getOrCreateApplication
Informazioni: [DeploymentElement] adding library to ScatteredArchive commons-collections-3.2.1.jar
mag 14, 2014 11:11:48 AM org.glassfish.ejb.embedded.DeploymentElement getOrCreateApplication
Informazioni: [DeploymentElement] adding library to ScatteredArchive javase-3.0.1.jar
mag 14, 2014 11:11:48 AM org.glassfish.ejb.embedded.DeploymentElement getOrCreateApplication
Informazioni: [DeploymentElement] adding library to ScatteredArchive ant-junit4.jar
mag 14, 2014 11:11:48 AM org.glassfish.ejb.embedded.DeploymentElement getOrCreateApplication
Informazioni: [DeploymentElement] adding library to ScatteredArchive ServerMDBRemoteInterface.jar
mag 14, 2014 11:11:48 AM org.glassfish.ejb.embedded.DeploymentElement getOrCreateApplication
Informazioni: [DeploymentElement] adding library to ScatteredArchive slf4j-api-1.7.7.jar
mag 14, 2014 11:11:48 AM org.glassfish.ejb.embedded.DeploymentElement getOrCreateApplication
Informazioni: [DeploymentElement] adding library to ScatteredArchive derby.jar
mag 14, 2014 11:11:48 AM org.glassfish.ejb.embedded.DeploymentElement getOrCreateApplication
Informazioni: [DeploymentElement] adding library to ScatteredArchive slf4j-simple-1.7.7.jar
mag 14, 2014 11:11:48 AM org.glassfish.ejb.embedded.DeploymentElement getOrCreateApplication
Informazioni: [DeploymentElement] adding library to ScatteredArchive jaxb-api-osgi.jar
mag 14, 2014 11:11:48 AM org.glassfish.ejb.embedded.DeploymentElement getOrCreateApplication
Informazioni: [DeploymentElement] adding library to ScatteredArchive derbyclient.jar
mag 14, 2014 11:11:48 AM org.glassfish.ejb.embedded.DeploymentElement getOrCreateApplication
Informazioni: [DeploymentElement] adding library to ScatteredArchive commons-beanutils-1.8.3.jar
mag 14, 2014 11:11:48 AM org.glassfish.ejb.embedded.DeploymentElement getOrCreateApplication
Informazioni: [DeploymentElement] adding library to ScatteredArchive derbynet.jar
mag 14, 2014 11:11:48 AM org.glassfish.ejb.embedded.DeploymentElement getOrCreateApplication
Informazioni: [DeploymentElement] adding library to ScatteredArchive junit-4.10.jar
mag 14, 2014 11:11:48 AM org.glassfish.ejb.embedded.DeploymentElement getOrCreateApplication
Informazioni: [DeploymentElement] adding library to ScatteredArchive ant-junit.jar
mag 14, 2014 11:11:48 AM org.glassfish.ejb.embedded.DeploymentElement getOrCreateApplication
Informazioni: [DeploymentElement] adding library to ScatteredArchive ezmorph-1.0.6.jar
mag 14, 2014 11:11:48 AM org.glassfish.ejb.embedded.DeploymentElement getOrCreateApplication
Informazioni: [DeploymentElement] adding library to ScatteredArchive commons-logging-1.1.3.jar
mag 14, 2014 11:11:48 AM org.glassfish.ejb.embedded.DeploymentElement getOrCreateApplication
Informazioni: [DeploymentElement] adding library to ScatteredArchive eclipselink.jar
mag 14, 2014 11:11:48 AM org.glassfish.ejb.embedded.DeploymentElement getOrCreateApplication
Informazioni: [DeploymentElement] adding library to ScatteredArchive log4j-over-slf4j-1.7.7.jar
mag 14, 2014 11:11:48 AM org.glassfish.ejb.embedded.DeploymentElement getOrCreateApplication
Informazioni: [DeploymentElement] adding library to ScatteredArchive ant-launcher.jar
mag 14, 2014 11:11:48 AM org.glassfish.ejb.embedded.DeploymentElement getOrCreateApplication
Informazioni: [DeploymentElement] adding library to ScatteredArchive core-3.0.1.jar
mag 14, 2014 11:11:48 AM org.glassfish.ejb.embedded.DeploymentElement getOrCreateApplication
Informazioni: [DeploymentElement] adding library to ScatteredArchive javax.ejb-api.jar
mag 14, 2014 11:11:48 AM org.glassfish.ejb.embedded.EJBContainerImpl deploy
Informazioni: [EJBContainerImpl] Deploying app: org.glassfish.embeddable.archive.ScatteredArchive@4caf2d07
mag 14, 2014 11:11:48 AM org.glassfish.ejb.embedded.EJBContainerImpl deploy
Informazioni: [EJBContainerImpl] GlassFish status: STARTED
mag 14, 2014 11:11:48 AM org.glassfish.ejb.embedded.EJBContainerImpl deploy
Informazioni: [EJBContainerImpl] Deploying as a ScatteredArchive
mag 14, 2014 11:11:57 AM com.sun.enterprise.security.ssl.impl.SecuritySupportImpl checkCertificateDates
Grave: SEC5054: Certificate has expired: [
[
  Version: V3
  Subject: CN=GTE CyberTrust Root 5, OU="GTE CyberTrust Solutions, Inc.", O=GTE Corporation, C=US
  Signature Algorithm: SHA1withRSA, OID = 1.2.840.113549.1.1.5

  Key:  Sun RSA public key, 2048 bits
  modulus: 23741889829347261660812437366387754385443431973861114865490414153884050331745811968523116847625570146592736935209718565296053386842135985534863157983128812774162998053673746470782252407673402238146869994438729551246768368782318393878374421033907597162218758024581735139682087126982809511479059100617027892880227587855877479432885604404402435662802390484099065871430585284534529627347717530352189612077130606642676951640071336717026459037542552927905851171460589361570392199748753414855675665635003335769915908187224347232807336022456537328962095005323382940080676931822787496212635993279098588863972868266229522169377
  public exponent: 65537
  Validity: [From: Fri Aug 14 16:50:00 CEST 1998,
               To: Thu Aug 15 01:59:00 CEST 2013]
  Issuer: CN=GTE CyberTrust Root 5, OU="GTE CyberTrust Solutions, Inc.", O=GTE Corporation, C=US
  SerialNumber: [    01b6]

Certificate Extensions: 4
[1]: ObjectId: 2.5.29.19 Criticality=true
BasicConstraints:[
  CA:true
  PathLen:5
]

[2]: ObjectId: 2.5.29.32 Criticality=false
CertificatePolicies [
  [CertificatePolicyId: [1.2.840.113763.1.2.1.3]
[]  ]
]

[3]: ObjectId: 2.5.29.15 Criticality=true
KeyUsage [
  Key_CertSign
  Crl_Sign
]

[4]: ObjectId: 2.5.29.14 Criticality=false
SubjectKeyIdentifier [
KeyIdentifier [
0000: 76 0A 49 21 38 4C 9F DE   F8 C4 49 C7 71 71 91 9D  v.I!8L....I.qq..
]
]

]
  Algorithm: [SHA1withRSA]
  Signature:
0000: 41 3A D4 18 5B DA B8 DE   21 1C E1 8E 09 E5 F1 68  A:..[...!......h
0010: 34 FF DE 96 F4 07 F5 A7   3C F3 AC 4A B1 9B FA 92  4.......<..J....
0020: FA 9B ED E6 32 21 AA 4A   76 C5 DC 4F 38 E5 DF D5  ....2!.Jv..O8...
0030: 86 E4 D5 C8 76 7D 98 D7   B1 CD 8F 4D B5 91 23 6C  ....v......M..#l
0040: 8B 8A EB EA 7C EF 14 94   C4 C6 F0 1F 4A 2D 32 71  ............J-2q
0050: 63 2B 63 91 26 02 09 B6   80 1D ED E2 CC B8 7F DB  c+c.&...........
0060: 87 63 C8 E1 D0 6C 26 B1   35 1D 40 66 10 1B CD 95  .c...l&.5.@f....
0070: 54 18 33 61 EC 13 4F DA   13 F7 99 AF 3E D0 CF 8E  T.3a..O.....>...
0080: A6 72 A2 B3 C3 05 9A C9   27 7D 92 CC 7E 52 8D B3  .r......'....R..
0090: AB 70 6D 9E 89 9F 4D EB   1A 75 C2 98 AA D5 02 16  .pm...M..u......
00A0: D7 0C 8A BF 25 E4 EB 2D   BC 98 E9 58 38 19 7C B9  ....%..-...X8...
00B0: 37 FE DB E2 99 08 73 06   C7 97 83 6A 7D 10 01 2F  7.....s....j.../
00C0: 32 B9 17 05 4A 65 E6 2F   CE BE 5E 53 A6 82 E9 9A  2...Je./..^S....
00D0: 53 0A 84 74 2D 83 CA C8   94 16 76 5F 94 61 28 F0  S..t-.....v_.a(.
00E0: 85 A7 39 BB D7 8B D9 A8   B2 13 1D 54 09 34 24 7D  ..9........T.4$.
00F0: 20 81 7D 66 7E A2 90 74   5C 10 C6 BD EC AB 1B C2   ..f...t\.......

]
mag 14, 2014 11:11:57 AM com.sun.enterprise.security.SecurityLifecycle <init>
Informazioni: security.secmgroff
mag 14, 2014 11:11:57 AM com.sun.enterprise.security.SecurityLifecycle onInitialization
Informazioni: sec.service.startup.enter
mag 14, 2014 11:11:57 AM com.sun.enterprise.security.PolicyLoader loadPolicy
Informazioni: policy.loading
mag 14, 2014 11:11:57 AM com.sun.enterprise.security.SecurityLifecycle onInitialization
Informazioni: sec.service.startup.exit
mag 14, 2014 11:11:58 AM com.sun.enterprise.security.ssl.impl.SecuritySupportImpl checkCertificateDates
Grave: SEC5054: Certificate has expired: [
[
  Version: V3
  Subject: CN=GTE CyberTrust Root 5, OU="GTE CyberTrust Solutions, Inc.", O=GTE Corporation, C=US
  Signature Algorithm: SHA1withRSA, OID = 1.2.840.113549.1.1.5

  Key:  Sun RSA public key, 2048 bits
  modulus: 23741889829347261660812437366387754385443431973861114865490414153884050331745811968523116847625570146592736935209718565296053386842135985534863157983128812774162998053673746470782252407673402238146869994438729551246768368782318393878374421033907597162218758024581735139682087126982809511479059100617027892880227587855877479432885604404402435662802390484099065871430585284534529627347717530352189612077130606642676951640071336717026459037542552927905851171460589361570392199748753414855675665635003335769915908187224347232807336022456537328962095005323382940080676931822787496212635993279098588863972868266229522169377
  public exponent: 65537
  Validity: [From: Fri Aug 14 16:50:00 CEST 1998,
               To: Thu Aug 15 01:59:00 CEST 2013]
  Issuer: CN=GTE CyberTrust Root 5, OU="GTE CyberTrust Solutions, Inc.", O=GTE Corporation, C=US
  SerialNumber: [    01b6]

Certificate Extensions: 4
[1]: ObjectId: 2.5.29.19 Criticality=true
BasicConstraints:[
  CA:true
  PathLen:5
]

[2]: ObjectId: 2.5.29.32 Criticality=false
CertificatePolicies [
  [CertificatePolicyId: [1.2.840.113763.1.2.1.3]
[]  ]
]

[3]: ObjectId: 2.5.29.15 Criticality=true
KeyUsage [
  Key_CertSign
  Crl_Sign
]

[4]: ObjectId: 2.5.29.14 Criticality=false
SubjectKeyIdentifier [
KeyIdentifier [
0000: 76 0A 49 21 38 4C 9F DE   F8 C4 49 C7 71 71 91 9D  v.I!8L....I.qq..
]
]

]
  Algorithm: [SHA1withRSA]
  Signature:
0000: 41 3A D4 18 5B DA B8 DE   21 1C E1 8E 09 E5 F1 68  A:..[...!......h
0010: 34 FF DE 96 F4 07 F5 A7   3C F3 AC 4A B1 9B FA 92  4.......<..J....
0020: FA 9B ED E6 32 21 AA 4A   76 C5 DC 4F 38 E5 DF D5  ....2!.Jv..O8...
0030: 86 E4 D5 C8 76 7D 98 D7   B1 CD 8F 4D B5 91 23 6C  ....v......M..#l
0040: 8B 8A EB EA 7C EF 14 94   C4 C6 F0 1F 4A 2D 32 71  ............J-2q
0050: 63 2B 63 91 26 02 09 B6   80 1D ED E2 CC B8 7F DB  c+c.&...........
0060: 87 63 C8 E1 D0 6C 26 B1   35 1D 40 66 10 1B CD 95  .c...l&.5.@f....
0070: 54 18 33 61 EC 13 4F DA   13 F7 99 AF 3E D0 CF 8E  T.3a..O.....>...
0080: A6 72 A2 B3 C3 05 9A C9   27 7D 92 CC 7E 52 8D B3  .r......'....R..
0090: AB 70 6D 9E 89 9F 4D EB   1A 75 C2 98 AA D5 02 16  .pm...M..u......
00A0: D7 0C 8A BF 25 E4 EB 2D   BC 98 E9 58 38 19 7C B9  ....%..-...X8...
00B0: 37 FE DB E2 99 08 73 06   C7 97 83 6A 7D 10 01 2F  7.....s....j.../
00C0: 32 B9 17 05 4A 65 E6 2F   CE BE 5E 53 A6 82 E9 9A  2...Je./..^S....
00D0: 53 0A 84 74 2D 83 CA C8   94 16 76 5F 94 61 28 F0  S..t-.....v_.a(.
00E0: 85 A7 39 BB D7 8B D9 A8   B2 13 1D 54 09 34 24 7D  ..9........T.4$.
00F0: 20 81 7D 66 7E A2 90 74   5C 10 C6 BD EC AB 1B C2   ..f...t\.......

]
mag 14, 2014 11:11:58 AM com.sun.enterprise.security.ssl.impl.SecuritySupportImpl checkCertificateDates
Grave: SEC5054: Certificate has expired: [
[
  Version: V3
  Subject: CN=GTE CyberTrust Root 5, OU="GTE CyberTrust Solutions, Inc.", O=GTE Corporation, C=US
  Signature Algorithm: SHA1withRSA, OID = 1.2.840.113549.1.1.5

  Key:  Sun RSA public key, 2048 bits
  modulus: 23741889829347261660812437366387754385443431973861114865490414153884050331745811968523116847625570146592736935209718565296053386842135985534863157983128812774162998053673746470782252407673402238146869994438729551246768368782318393878374421033907597162218758024581735139682087126982809511479059100617027892880227587855877479432885604404402435662802390484099065871430585284534529627347717530352189612077130606642676951640071336717026459037542552927905851171460589361570392199748753414855675665635003335769915908187224347232807336022456537328962095005323382940080676931822787496212635993279098588863972868266229522169377
  public exponent: 65537
  Validity: [From: Fri Aug 14 16:50:00 CEST 1998,
               To: Thu Aug 15 01:59:00 CEST 2013]
  Issuer: CN=GTE CyberTrust Root 5, OU="GTE CyberTrust Solutions, Inc.", O=GTE Corporation, C=US
  SerialNumber: [    01b6]

Certificate Extensions: 4
[1]: ObjectId: 2.5.29.19 Criticality=true
BasicConstraints:[
  CA:true
  PathLen:5
]

[2]: ObjectId: 2.5.29.32 Criticality=false
CertificatePolicies [
  [CertificatePolicyId: [1.2.840.113763.1.2.1.3]
[]  ]
]

[3]: ObjectId: 2.5.29.15 Criticality=true
KeyUsage [
  Key_CertSign
  Crl_Sign
]

[4]: ObjectId: 2.5.29.14 Criticality=false
SubjectKeyIdentifier [
KeyIdentifier [
0000: 76 0A 49 21 38 4C 9F DE   F8 C4 49 C7 71 71 91 9D  v.I!8L....I.qq..
]
]

]
  Algorithm: [SHA1withRSA]
  Signature:
0000: 41 3A D4 18 5B DA B8 DE   21 1C E1 8E 09 E5 F1 68  A:..[...!......h
0010: 34 FF DE 96 F4 07 F5 A7   3C F3 AC 4A B1 9B FA 92  4.......<..J....
0020: FA 9B ED E6 32 21 AA 4A   76 C5 DC 4F 38 E5 DF D5  ....2!.Jv..O8...
0030: 86 E4 D5 C8 76 7D 98 D7   B1 CD 8F 4D B5 91 23 6C  ....v......M..#l
0040: 8B 8A EB EA 7C EF 14 94   C4 C6 F0 1F 4A 2D 32 71  ............J-2q
0050: 63 2B 63 91 26 02 09 B6   80 1D ED E2 CC B8 7F DB  c+c.&...........
0060: 87 63 C8 E1 D0 6C 26 B1   35 1D 40 66 10 1B CD 95  .c...l&.5.@f....
0070: 54 18 33 61 EC 13 4F DA   13 F7 99 AF 3E D0 CF 8E  T.3a..O.....>...
0080: A6 72 A2 B3 C3 05 9A C9   27 7D 92 CC 7E 52 8D B3  .r......'....R..
0090: AB 70 6D 9E 89 9F 4D EB   1A 75 C2 98 AA D5 02 16  .pm...M..u......
00A0: D7 0C 8A BF 25 E4 EB 2D   BC 98 E9 58 38 19 7C B9  ....%..-...X8...
00B0: 37 FE DB E2 99 08 73 06   C7 97 83 6A 7D 10 01 2F  7.....s....j.../
00C0: 32 B9 17 05 4A 65 E6 2F   CE BE 5E 53 A6 82 E9 9A  2...Je./..^S....
00D0: 53 0A 84 74 2D 83 CA C8   94 16 76 5F 94 61 28 F0  S..t-.....v_.a(.
00E0: 85 A7 39 BB D7 8B D9 A8   B2 13 1D 54 09 34 24 7D  ..9........T.4$.
00F0: 20 81 7D 66 7E A2 90 74   5C 10 C6 BD EC AB 1B C2   ..f...t\.......

]
mag 14, 2014 11:11:58 AM com.sun.enterprise.security.ssl.impl.SecuritySupportImpl checkCertificateDates
Grave: SEC5054: Certificate has expired: [
[
  Version: V3
  Subject: CN=GTE CyberTrust Root 5, OU="GTE CyberTrust Solutions, Inc.", O=GTE Corporation, C=US
  Signature Algorithm: SHA1withRSA, OID = 1.2.840.113549.1.1.5

  Key:  Sun RSA public key, 2048 bits
  modulus: 23741889829347261660812437366387754385443431973861114865490414153884050331745811968523116847625570146592736935209718565296053386842135985534863157983128812774162998053673746470782252407673402238146869994438729551246768368782318393878374421033907597162218758024581735139682087126982809511479059100617027892880227587855877479432885604404402435662802390484099065871430585284534529627347717530352189612077130606642676951640071336717026459037542552927905851171460589361570392199748753414855675665635003335769915908187224347232807336022456537328962095005323382940080676931822787496212635993279098588863972868266229522169377
  public exponent: 65537
  Validity: [From: Fri Aug 14 16:50:00 CEST 1998,
               To: Thu Aug 15 01:59:00 CEST 2013]
  Issuer: CN=GTE CyberTrust Root 5, OU="GTE CyberTrust Solutions, Inc.", O=GTE Corporation, C=US
  SerialNumber: [    01b6]

Certificate Extensions: 4
[1]: ObjectId: 2.5.29.19 Criticality=true
BasicConstraints:[
  CA:true
  PathLen:5
]

[2]: ObjectId: 2.5.29.32 Criticality=false
CertificatePolicies [
  [CertificatePolicyId: [1.2.840.113763.1.2.1.3]
[]  ]
]

[3]: ObjectId: 2.5.29.15 Criticality=true
KeyUsage [
  Key_CertSign
  Crl_Sign
]

[4]: ObjectId: 2.5.29.14 Criticality=false
SubjectKeyIdentifier [
KeyIdentifier [
0000: 76 0A 49 21 38 4C 9F DE   F8 C4 49 C7 71 71 91 9D  v.I!8L....I.qq..
]
]

]
  Algorithm: [SHA1withRSA]
  Signature:
0000: 41 3A D4 18 5B DA B8 DE   21 1C E1 8E 09 E5 F1 68  A:..[...!......h
0010: 34 FF DE 96 F4 07 F5 A7   3C F3 AC 4A B1 9B FA 92  4.......<..J....
0020: FA 9B ED E6 32 21 AA 4A   76 C5 DC 4F 38 E5 DF D5  ....2!.Jv..O8...
0030: 86 E4 D5 C8 76 7D 98 D7   B1 CD 8F 4D B5 91 23 6C  ....v......M..#l
0040: 8B 8A EB EA 7C EF 14 94   C4 C6 F0 1F 4A 2D 32 71  ............J-2q
0050: 63 2B 63 91 26 02 09 B6   80 1D ED E2 CC B8 7F DB  c+c.&...........
0060: 87 63 C8 E1 D0 6C 26 B1   35 1D 40 66 10 1B CD 95  .c...l&.5.@f....
0070: 54 18 33 61 EC 13 4F DA   13 F7 99 AF 3E D0 CF 8E  T.3a..O.....>...
0080: A6 72 A2 B3 C3 05 9A C9   27 7D 92 CC 7E 52 8D B3  .r......'....R..
0090: AB 70 6D 9E 89 9F 4D EB   1A 75 C2 98 AA D5 02 16  .pm...M..u......
00A0: D7 0C 8A BF 25 E4 EB 2D   BC 98 E9 58 38 19 7C B9  ....%..-...X8...
00B0: 37 FE DB E2 99 08 73 06   C7 97 83 6A 7D 10 01 2F  7.....s....j.../
00C0: 32 B9 17 05 4A 65 E6 2F   CE BE 5E 53 A6 82 E9 9A  2...Je./..^S....
00D0: 53 0A 84 74 2D 83 CA C8   94 16 76 5F 94 61 28 F0  S..t-.....v_.a(.
00E0: 85 A7 39 BB D7 8B D9 A8   B2 13 1D 54 09 34 24 7D  ..9........T.4$.
00F0: 20 81 7D 66 7E A2 90 74   5C 10 C6 BD EC AB 1B C2   ..f...t\.......

]
mag 14, 2014 11:11:59 AM com.sun.jts.CosTransactions.DefaultTransactionService setServerName
Informazioni: jts.startup_msg
mag 14, 2014 11:11:59 AM org.glassfish.enterprise.iiop.impl.CSIv2SSLTaggedComponentHandlerImpl extract
Avvertenza: Exception getting SocketInfo
java.lang.RuntimeException: Orb initialization erorr
	at org.glassfish.enterprise.iiop.api.GlassFishORBHelper.getORB(GlassFishORBHelper.java:191)
	at com.sun.enterprise.iiop.security.SecurityMechanismSelector.getCtc(SecurityMechanismSelector.java:338)
	at com.sun.enterprise.iiop.security.SecurityMechanismSelector.selectSecurityMechanism(SecurityMechanismSelector.java:990)
	at com.sun.enterprise.iiop.security.SecurityMechanismSelector.getSSLPorts(SecurityMechanismSelector.java:348)
	at com.sun.enterprise.iiop.security.SecurityMechanismSelector.getSSLSocketInfo(SecurityMechanismSelector.java:542)
	at com.sun.enterprise.iiop.security.IIOPSSLUtilImpl.getSSLPortsAsSocketInfo(IIOPSSLUtilImpl.java:143)
	at org.glassfish.enterprise.iiop.impl.CSIv2SSLTaggedComponentHandlerImpl.extract(CSIv2SSLTaggedComponentHandlerImpl.java:152)
	at com.sun.corba.ee.impl.folb.ClientGroupManager.getSocketInfo(ClientGroupManager.java:205)
	at com.sun.corba.ee.impl.transport.ContactInfoListImpl.addRemoteContactInfos(ContactInfoListImpl.java:401)
	at com.sun.corba.ee.impl.transport.ContactInfoListImpl.createContactInfoList(ContactInfoListImpl.java:376)
	at com.sun.corba.ee.impl.transport.ContactInfoListImpl.iterator(ContactInfoListImpl.java:188)
	at com.sun.corba.ee.impl.protocol.ClientDelegateImpl.request(ClientDelegateImpl.java:196)
	at com.sun.corba.ee.impl.resolver.BootstrapResolverImpl.invoke(BootstrapResolverImpl.java:112)
	at com.sun.corba.ee.impl.resolver.BootstrapResolverImpl.resolve(BootstrapResolverImpl.java:145)
	at com.sun.corba.ee.impl.resolver.CompositeResolverImpl.resolve(CompositeResolverImpl.java:61)
	at com.sun.corba.ee.impl.resolver.CompositeResolverImpl.resolve(CompositeResolverImpl.java:61)
	at com.sun.corba.ee.impl.resolver.CompositeResolverImpl.resolve(CompositeResolverImpl.java:61)
	at com.sun.corba.ee.impl.orb.ORBImpl.resolve_initial_references(ORBImpl.java:1259)
	at com.sun.jts.CosTransactions.DefaultTransactionService.createPOAs(DefaultTransactionService.java:388)
	at com.sun.jts.CosTransactions.DefaultTransactionService.identify_ORB(DefaultTransactionService.java:202)
	at com.sun.enterprise.transaction.jts.iiop.TransactionIIOPInterceptorFactory.createInterceptor(TransactionIIOPInterceptorFactory.java:145)
	at com.sun.enterprise.transaction.jts.iiop.TransactionIIOPInterceptorFactory.createClientRequestInterceptor(TransactionIIOPInterceptorFactory.java:97)
	at org.glassfish.enterprise.iiop.impl.GlassFishORBInitializer.post_init(GlassFishORBInitializer.java:132)
	at com.sun.corba.ee.impl.interceptors.PIHandlerImpl.postInitORBInitializers(PIHandlerImpl.java:917)
	at com.sun.corba.ee.impl.interceptors.PIHandlerImpl.initialize(PIHandlerImpl.java:267)
	at com.sun.corba.ee.impl.orb.ORBImpl.postInit(ORBImpl.java:636)
	at com.sun.corba.ee.impl.orb.ORBImpl.set_parameters(ORBImpl.java:697)
	at com.sun.corba.ee.impl.orb.ORBImpl.setParameters(ORBImpl.java:684)
	at com.sun.corba.ee.spi.osgi.ORBFactory.initialize(ORBFactory.java:107)
	at org.glassfish.enterprise.iiop.impl.GlassFishORBManager.initORB(GlassFishORBManager.java:585)
	at org.glassfish.enterprise.iiop.impl.GlassFishORBManager.getORB(GlassFishORBManager.java:264)
	at org.glassfish.enterprise.iiop.impl.GlassFishORBFactoryImpl.createORB(GlassFishORBFactoryImpl.java:93)
	at org.glassfish.enterprise.iiop.api.GlassFishORBHelper.getORB(GlassFishORBHelper.java:163)
	at org.glassfish.enterprise.iiop.api.GlassFishORBHelper.getProtocolManager(GlassFishORBHelper.java:231)
	at com.sun.ejb.containers.BaseContainer.initializeProtocolManager(BaseContainer.java:830)
	at com.sun.ejb.containers.BaseContainer.<init>(BaseContainer.java:590)
	at com.sun.ejb.containers.StatelessSessionContainer.<init>(StatelessSessionContainer.java:143)
	at com.sun.ejb.containers.StatelessSessionContainer.<init>(StatelessSessionContainer.java:137)
	at com.sun.ejb.containers.StatelessContainerFactory.createContainer(StatelessContainerFactory.java:61)
	at org.glassfish.ejb.startup.EjbApplication.loadContainers(EjbApplication.java:221)
	at org.glassfish.ejb.startup.EjbDeployer.load(EjbDeployer.java:291)
	at org.glassfish.ejb.startup.EjbDeployer.load(EjbDeployer.java:99)
	at org.glassfish.internal.data.ModuleInfo.load(ModuleInfo.java:206)
	at org.glassfish.internal.data.ApplicationInfo.load(ApplicationInfo.java:313)
	at com.sun.enterprise.v3.server.ApplicationLifecycle.deploy(ApplicationLifecycle.java:493)
	at com.sun.enterprise.v3.server.ApplicationLifecycle.deploy(ApplicationLifecycle.java:219)
	at org.glassfish.deployment.admin.DeployCommand.execute(DeployCommand.java:491)
	at com.sun.enterprise.v3.admin.CommandRunnerImpl$2$1.run(CommandRunnerImpl.java:527)
	at com.sun.enterprise.v3.admin.CommandRunnerImpl$2$1.run(CommandRunnerImpl.java:523)
	at java.security.AccessController.doPrivileged(Native Method)
	at javax.security.auth.Subject.doAs(Subject.java:356)
	at com.sun.enterprise.v3.admin.CommandRunnerImpl$2.execute(CommandRunnerImpl.java:522)
	at com.sun.enterprise.v3.admin.CommandRunnerImpl.doCommand(CommandRunnerImpl.java:546)
	at com.sun.enterprise.v3.admin.CommandRunnerImpl.doCommand(CommandRunnerImpl.java:1423)
	at com.sun.enterprise.v3.admin.CommandRunnerImpl.access$1500(CommandRunnerImpl.java:108)
	at com.sun.enterprise.v3.admin.CommandRunnerImpl$ExecutionContext.execute(CommandRunnerImpl.java:1762)
	at com.sun.enterprise.v3.admin.CommandRunnerImpl$ExecutionContext.execute(CommandRunnerImpl.java:1674)
	at com.sun.enterprise.admin.cli.embeddable.DeployerImpl.deploy(DeployerImpl.java:133)
	at com.sun.enterprise.admin.cli.embeddable.DeployerImpl.deploy(DeployerImpl.java:109)
	at org.glassfish.ejb.embedded.EJBContainerImpl.deploy(EJBContainerImpl.java:138)
	at org.glassfish.ejb.embedded.EJBContainerProviderImpl.createEJBContainer(EJBContainerProviderImpl.java:134)
	at javax.ejb.embeddable.EJBContainer.createEJBContainer(EJBContainer.java:127)
	at javax.ejb.embeddable.EJBContainer.createEJBContainer(EJBContainer.java:102)
	at GestoreAccountRemoto.GestoreAccountRemotoTest.testVerificaDatiAccount(GestoreAccountRemotoTest.java:71)
	at sun.reflect.NativeMethodAccessorImpl.invoke0(Native Method)
	at sun.reflect.NativeMethodAccessorImpl.invoke(NativeMethodAccessorImpl.java:57)
	at sun.reflect.DelegatingMethodAccessorImpl.invoke(DelegatingMethodAccessorImpl.java:43)
	at java.lang.reflect.Method.invoke(Method.java:606)
	at org.junit.runners.model.FrameworkMethod$1.runReflectiveCall(FrameworkMethod.java:45)
	at org.junit.internal.runners.model.ReflectiveCallable.run(ReflectiveCallable.java:15)
	at org.junit.runners.model.FrameworkMethod.invokeExplosively(FrameworkMethod.java:42)
	at org.junit.internal.runners.statements.InvokeMethod.evaluate(InvokeMethod.java:20)
	at org.junit.internal.runners.statements.RunBefores.evaluate(RunBefores.java:28)
	at org.junit.internal.runners.statements.RunAfters.evaluate(RunAfters.java:30)
	at org.junit.runners.ParentRunner.runLeaf(ParentRunner.java:263)
	at org.junit.runners.BlockJUnit4ClassRunner.runChild(BlockJUnit4ClassRunner.java:68)
	at org.junit.runners.BlockJUnit4ClassRunner.runChild(BlockJUnit4ClassRunner.java:47)
	at org.junit.runners.ParentRunner$3.run(ParentRunner.java:231)
	at org.junit.runners.ParentRunner$1.schedule(ParentRunner.java:60)
	at org.junit.runners.ParentRunner.runChildren(ParentRunner.java:229)
	at org.junit.runners.ParentRunner.access$000(ParentRunner.java:50)
	at org.junit.runners.ParentRunner$2.evaluate(ParentRunner.java:222)
	at org.junit.internal.runners.statements.RunBefores.evaluate(RunBefores.java:28)
	at org.junit.internal.runners.statements.RunAfters.evaluate(RunAfters.java:30)
	at org.junit.runners.ParentRunner.run(ParentRunner.java:300)
	at junit.framework.JUnit4TestAdapter.run(JUnit4TestAdapter.java:39)
	at org.apache.tools.ant.taskdefs.optional.junit.JUnitTestRunner.run(JUnitTestRunner.java:523)
	at org.apache.tools.ant.taskdefs.optional.junit.JUnitTestRunner.launch(JUnitTestRunner.java:1063)
	at org.apache.tools.ant.taskdefs.optional.junit.JUnitTestRunner.main(JUnitTestRunner.java:914)
Caused by: javax.naming.CommunicationException: Cannot connect to ORB [Root exception is org.omg.CORBA.COMM_FAILURE: Grave: 00410016: Unable to create IIOP listener on the specified host all interfaces and port 3.700  vmcid: OMG  minor code: 16  completed: No]
	at com.sun.jndi.cosnaming.CNCtx.setOrbAndRootContext(CNCtx.java:400)
	at com.sun.jndi.cosnaming.CNCtx.initOrbAndRootContext(CNCtx.java:274)
	at com.sun.jndi.cosnaming.CNCtx.<init>(CNCtx.java:105)
	at com.sun.jndi.cosnaming.CNCtxFactory.getInitialContext(CNCtxFactory.java:49)
	at javax.naming.spi.NamingManager.getInitialContext(NamingManager.java:684)
	at javax.naming.InitialContext.getDefaultInitCtx(InitialContext.java:307)
	at javax.naming.InitialContext.init(InitialContext.java:242)
	at javax.naming.InitialContext.<init>(InitialContext.java:216)
	at com.sun.enterprise.naming.impl.GlassfishNamingManagerImpl.initializeRemoteNamingSupport(GlassfishNamingManagerImpl.java:166)
	at org.glassfish.enterprise.iiop.api.GlassFishORBHelper.getORB(GlassFishORBHelper.java:182)
	... 88 more
Caused by: org.omg.CORBA.COMM_FAILURE: Grave: 00410016: Unable to create IIOP listener on the specified host all interfaces and port 3.700  vmcid: OMG  minor code: 16  completed: No
	at com.sun.proxy.$Proxy175.createListenerFailed(Unknown Source)
	at com.sun.corba.ee.impl.transport.AcceptorImpl.initialize(AcceptorImpl.java:98)
	at com.sun.corba.ee.impl.transport.TransportManagerImpl.getAcceptors(TransportManagerImpl.java:232)
	at com.sun.corba.ee.impl.legacy.connection.LegacyServerSocketManagerImpl.getAcceptorIterator(LegacyServerSocketManagerImpl.java:163)
	at com.sun.corba.ee.impl.legacy.connection.LegacyServerSocketManagerImpl.legacyIsLocalServerPort(LegacyServerSocketManagerImpl.java:130)
	at com.sun.corba.ee.impl.ior.iiop.IIOPProfileImpl.isLocal(IIOPProfileImpl.java:341)
	at com.sun.corba.ee.impl.transport.ContactInfoListImpl.setLocalSubcontract(ContactInfoListImpl.java:444)
	at com.sun.corba.ee.impl.transport.ContactInfoListImpl.setEffectiveTargetIOR(ContactInfoListImpl.java:277)
	at com.sun.corba.ee.impl.transport.ContactInfoListImpl.setTargetIOR(ContactInfoListImpl.java:219)
	at com.sun.corba.ee.impl.transport.ContactInfoListImpl.<init>(ContactInfoListImpl.java:183)
	at com.sun.corba.ee.spi.transport.TransportDefault$1.create(TransportDefault.java:70)
	at com.sun.corba.ee.impl.misc.ORBUtility.makeClientDelegate(ORBUtility.java:803)
	at com.sun.corba.ee.impl.misc.ORBUtility.makeObjectReference(ORBUtility.java:812)
	at com.sun.corba.ee.impl.resolver.INSURLOperationImpl.getIORUsingCorbaloc(INSURLOperationImpl.java:312)
	at com.sun.corba.ee.impl.resolver.INSURLOperationImpl.resolveCorbaloc(INSURLOperationImpl.java:183)
	at com.sun.corba.ee.impl.resolver.INSURLOperationImpl.resolveINSURL(INSURLOperationImpl.java:155)
	at com.sun.corba.ee.impl.resolver.INSURLOperationImpl.operate(INSURLOperationImpl.java:144)
	at com.sun.corba.ee.impl.resolver.ORBInitRefResolverImpl.resolve(ORBInitRefResolverImpl.java:69)
	at com.sun.corba.ee.impl.resolver.CompositeResolverImpl.resolve(CompositeResolverImpl.java:59)
	at com.sun.corba.ee.impl.resolver.CompositeResolverImpl.resolve(CompositeResolverImpl.java:61)
	at com.sun.corba.ee.impl.orb.ORBImpl.resolve_initial_references(ORBImpl.java:1259)
	at com.sun.jndi.cosnaming.CNCtx.setOrbAndRootContext(CNCtx.java:378)
	... 97 more
Caused by: java.net.BindException: Address already in use
	at sun.nio.ch.Net.bind0(Native Method)
	at sun.nio.ch.Net.bind(Net.java:444)
	at sun.nio.ch.Net.bind(Net.java:436)
	at sun.nio.ch.ServerSocketChannelImpl.bind(ServerSocketChannelImpl.java:214)
	at sun.nio.ch.ServerSocketAdaptor.bind(ServerSocketAdaptor.java:74)
	at sun.nio.ch.ServerSocketAdaptor.bind(ServerSocketAdaptor.java:67)
	at org.glassfish.enterprise.iiop.impl.IIOPSSLSocketFactory.createServerSocket(IIOPSSLSocketFactory.java:297)
	at com.sun.corba.ee.impl.transport.AcceptorImpl.initialize(AcceptorImpl.java:91)
	... 117 more

mag 14, 2014 11:11:59 AM com.sun.jts.CosTransactions.DefaultTransactionService identify_ORB
Avvertenza: jts.unexpected_error_when_creating_poa
org.omg.CORBA.OBJ_ADAPTER: Avvertenza: 02310002: Error in connecting servant to ORB  vmcid: OMG  minor code: 2  completed: No
	at com.sun.proxy.$Proxy175.orbConnectError(Unknown Source)
	at com.sun.corba.ee.impl.orb.ORBImpl.connect(ORBImpl.java:1692)
	at com.sun.corba.ee.spi.presentation.rmi.StubAdapter.connect(StubAdapter.java:216)
	at com.sun.corba.ee.impl.orb.ORBImpl.getIOR(ORBImpl.java:2082)
	at com.sun.corba.ee.impl.orb.ORBImpl.getFVDCodeBaseIOR(ORBImpl.java:981)
	at com.sun.corba.ee.impl.protocol.ClientRequestDispatcherImpl.addServiceContexts(ClientRequestDispatcherImpl.java:822)
	at com.sun.corba.ee.impl.protocol.ClientRequestDispatcherImpl.beginRequest(ClientRequestDispatcherImpl.java:293)
	at com.sun.corba.ee.impl.protocol.ClientDelegateImpl.request(ClientDelegateImpl.java:227)
	at com.sun.corba.ee.impl.resolver.BootstrapResolverImpl.invoke(BootstrapResolverImpl.java:112)
	at com.sun.corba.ee.impl.resolver.BootstrapResolverImpl.resolve(BootstrapResolverImpl.java:145)
	at com.sun.corba.ee.impl.resolver.CompositeResolverImpl.resolve(CompositeResolverImpl.java:61)
	at com.sun.corba.ee.impl.resolver.CompositeResolverImpl.resolve(CompositeResolverImpl.java:61)
	at com.sun.corba.ee.impl.resolver.CompositeResolverImpl.resolve(CompositeResolverImpl.java:61)
	at com.sun.corba.ee.impl.orb.ORBImpl.resolve_initial_references(ORBImpl.java:1259)
	at com.sun.jts.CosTransactions.DefaultTransactionService.createPOAs(DefaultTransactionService.java:388)
	at com.sun.jts.CosTransactions.DefaultTransactionService.identify_ORB(DefaultTransactionService.java:202)
	at com.sun.enterprise.transaction.jts.iiop.TransactionIIOPInterceptorFactory.createInterceptor(TransactionIIOPInterceptorFactory.java:145)
	at com.sun.enterprise.transaction.jts.iiop.TransactionIIOPInterceptorFactory.createClientRequestInterceptor(TransactionIIOPInterceptorFactory.java:97)
	at org.glassfish.enterprise.iiop.impl.GlassFishORBInitializer.post_init(GlassFishORBInitializer.java:132)
	at com.sun.corba.ee.impl.interceptors.PIHandlerImpl.postInitORBInitializers(PIHandlerImpl.java:917)
	at com.sun.corba.ee.impl.interceptors.PIHandlerImpl.initialize(PIHandlerImpl.java:267)
	at com.sun.corba.ee.impl.orb.ORBImpl.postInit(ORBImpl.java:636)
	at com.sun.corba.ee.impl.orb.ORBImpl.set_parameters(ORBImpl.java:697)
	at com.sun.corba.ee.impl.orb.ORBImpl.setParameters(ORBImpl.java:684)
	at com.sun.corba.ee.spi.osgi.ORBFactory.initialize(ORBFactory.java:107)
	at org.glassfish.enterprise.iiop.impl.GlassFishORBManager.initORB(GlassFishORBManager.java:585)
	at org.glassfish.enterprise.iiop.impl.GlassFishORBManager.getORB(GlassFishORBManager.java:264)
	at org.glassfish.enterprise.iiop.impl.GlassFishORBFactoryImpl.createORB(GlassFishORBFactoryImpl.java:93)
	at org.glassfish.enterprise.iiop.api.GlassFishORBHelper.getORB(GlassFishORBHelper.java:163)
	at org.glassfish.enterprise.iiop.api.GlassFishORBHelper.getProtocolManager(GlassFishORBHelper.java:231)
	at com.sun.ejb.containers.BaseContainer.initializeProtocolManager(BaseContainer.java:830)
	at com.sun.ejb.containers.BaseContainer.<init>(BaseContainer.java:590)
	at com.sun.ejb.containers.StatelessSessionContainer.<init>(StatelessSessionContainer.java:143)
	at com.sun.ejb.containers.StatelessSessionContainer.<init>(StatelessSessionContainer.java:137)
	at com.sun.ejb.containers.StatelessContainerFactory.createContainer(StatelessContainerFactory.java:61)
	at org.glassfish.ejb.startup.EjbApplication.loadContainers(EjbApplication.java:221)
	at org.glassfish.ejb.startup.EjbDeployer.load(EjbDeployer.java:291)
	at org.glassfish.ejb.startup.EjbDeployer.load(EjbDeployer.java:99)
	at org.glassfish.internal.data.ModuleInfo.load(ModuleInfo.java:206)
	at org.glassfish.internal.data.ApplicationInfo.load(ApplicationInfo.java:313)
	at com.sun.enterprise.v3.server.ApplicationLifecycle.deploy(ApplicationLifecycle.java:493)
	at com.sun.enterprise.v3.server.ApplicationLifecycle.deploy(ApplicationLifecycle.java:219)
	at org.glassfish.deployment.admin.DeployCommand.execute(DeployCommand.java:491)
	at com.sun.enterprise.v3.admin.CommandRunnerImpl$2$1.run(CommandRunnerImpl.java:527)
	at com.sun.enterprise.v3.admin.CommandRunnerImpl$2$1.run(CommandRunnerImpl.java:523)
	at java.security.AccessController.doPrivileged(Native Method)
	at javax.security.auth.Subject.doAs(Subject.java:356)
	at com.sun.enterprise.v3.admin.CommandRunnerImpl$2.execute(CommandRunnerImpl.java:522)
	at com.sun.enterprise.v3.admin.CommandRunnerImpl.doCommand(CommandRunnerImpl.java:546)
	at com.sun.enterprise.v3.admin.CommandRunnerImpl.doCommand(CommandRunnerImpl.java:1423)
	at com.sun.enterprise.v3.admin.CommandRunnerImpl.access$1500(CommandRunnerImpl.java:108)
	at com.sun.enterprise.v3.admin.CommandRunnerImpl$ExecutionContext.execute(CommandRunnerImpl.java:1762)
	at com.sun.enterprise.v3.admin.CommandRunnerImpl$ExecutionContext.execute(CommandRunnerImpl.java:1674)
	at com.sun.enterprise.admin.cli.embeddable.DeployerImpl.deploy(DeployerImpl.java:133)
	at com.sun.enterprise.admin.cli.embeddable.DeployerImpl.deploy(DeployerImpl.java:109)
	at org.glassfish.ejb.embedded.EJBContainerImpl.deploy(EJBContainerImpl.java:138)
	at org.glassfish.ejb.embedded.EJBContainerProviderImpl.createEJBContainer(EJBContainerProviderImpl.java:134)
	at javax.ejb.embeddable.EJBContainer.createEJBContainer(EJBContainer.java:127)
	at javax.ejb.embeddable.EJBContainer.createEJBContainer(EJBContainer.java:102)
	at GestoreAccountRemoto.GestoreAccountRemotoTest.testVerificaDatiAccount(GestoreAccountRemotoTest.java:71)
	at sun.reflect.NativeMethodAccessorImpl.invoke0(Native Method)
	at sun.reflect.NativeMethodAccessorImpl.invoke(NativeMethodAccessorImpl.java:57)
	at sun.reflect.DelegatingMethodAccessorImpl.invoke(DelegatingMethodAccessorImpl.java:43)
	at java.lang.reflect.Method.invoke(Method.java:606)
	at org.junit.runners.model.FrameworkMethod$1.runReflectiveCall(FrameworkMethod.java:45)
	at org.junit.internal.runners.model.ReflectiveCallable.run(ReflectiveCallable.java:15)
	at org.junit.runners.model.FrameworkMethod.invokeExplosively(FrameworkMethod.java:42)
	at org.junit.internal.runners.statements.InvokeMethod.evaluate(InvokeMethod.java:20)
	at org.junit.internal.runners.statements.RunBefores.evaluate(RunBefores.java:28)
	at org.junit.internal.runners.statements.RunAfters.evaluate(RunAfters.java:30)
	at org.junit.runners.ParentRunner.runLeaf(ParentRunner.java:263)
	at org.junit.runners.BlockJUnit4ClassRunner.runChild(BlockJUnit4ClassRunner.java:68)
	at org.junit.runners.BlockJUnit4ClassRunner.runChild(BlockJUnit4ClassRunner.java:47)
	at org.junit.runners.ParentRunner$3.run(ParentRunner.java:231)
	at org.junit.runners.ParentRunner$1.schedule(ParentRunner.java:60)
	at org.junit.runners.ParentRunner.runChildren(ParentRunner.java:229)
	at org.junit.runners.ParentRunner.access$000(ParentRunner.java:50)
	at org.junit.runners.ParentRunner$2.evaluate(ParentRunner.java:222)
	at org.junit.internal.runners.statements.RunBefores.evaluate(RunBefores.java:28)
	at org.junit.internal.runners.statements.RunAfters.evaluate(RunAfters.java:30)
	at org.junit.runners.ParentRunner.run(ParentRunner.java:300)
	at junit.framework.JUnit4TestAdapter.run(JUnit4TestAdapter.java:39)
	at org.apache.tools.ant.taskdefs.optional.junit.JUnitTestRunner.run(JUnitTestRunner.java:523)
	at org.apache.tools.ant.taskdefs.optional.junit.JUnitTestRunner.launch(JUnitTestRunner.java:1063)
	at org.apache.tools.ant.taskdefs.optional.junit.JUnitTestRunner.main(JUnitTestRunner.java:914)
Caused by: org.omg.CORBA.COMM_FAILURE: Grave: 00410016: Unable to create IIOP listener on the specified host all interfaces and port 3.700  vmcid: OMG  minor code: 16  completed: No
	at com.sun.proxy.$Proxy175.createListenerFailed(Unknown Source)
	at com.sun.corba.ee.impl.transport.AcceptorImpl.initialize(AcceptorImpl.java:98)
	at com.sun.corba.ee.impl.transport.TransportManagerImpl.getAcceptors(TransportManagerImpl.java:232)
	at com.sun.corba.ee.impl.transport.TransportManagerImpl.addToIORTemplate(TransportManagerImpl.java:251)
	at com.sun.corba.ee.spi.oa.ObjectAdapterBase.initializeTemplate(ObjectAdapterBase.java:103)
	at com.sun.corba.ee.impl.oa.toa.TOAImpl.<init>(TOAImpl.java:133)
	at com.sun.corba.ee.impl.oa.toa.TOAFactory.getTOA(TOAFactory.java:118)
	at com.sun.corba.ee.impl.orb.ORBImpl.connect(ORBImpl.java:1690)
	... 83 more
Caused by: java.net.BindException: Address already in use
	at sun.nio.ch.Net.bind0(Native Method)
	at sun.nio.ch.Net.bind(Net.java:444)
	at sun.nio.ch.Net.bind(Net.java:436)
	at sun.nio.ch.ServerSocketChannelImpl.bind(ServerSocketChannelImpl.java:214)
	at sun.nio.ch.ServerSocketAdaptor.bind(ServerSocketAdaptor.java:74)
	at sun.nio.ch.ServerSocketAdaptor.bind(ServerSocketAdaptor.java:67)
	at org.glassfish.enterprise.iiop.impl.IIOPSSLSocketFactory.createServerSocket(IIOPSSLSocketFactory.java:297)
	at com.sun.corba.ee.impl.transport.AcceptorImpl.initialize(AcceptorImpl.java:91)
	... 89 more

mag 14, 2014 11:11:59 AM org.glassfish.enterprise.iiop.impl.GlassFishORBManager initORB
Grave: enterprise_util.excep_in_createorb
org.omg.CORBA.OBJ_ADAPTER: Avvertenza: 02310002: Error in connecting servant to ORB  vmcid: OMG  minor code: 2  completed: No
	at com.sun.proxy.$Proxy175.orbConnectError(Unknown Source)
	at com.sun.corba.ee.impl.orb.ORBImpl.connect(ORBImpl.java:1692)
	at com.sun.corba.ee.spi.presentation.rmi.StubAdapter.connect(StubAdapter.java:216)
	at com.sun.corba.ee.impl.orb.ORBImpl.getIOR(ORBImpl.java:2082)
	at com.sun.corba.ee.impl.orb.ORBImpl.getFVDCodeBaseIOR(ORBImpl.java:981)
	at com.sun.corba.ee.impl.protocol.ClientRequestDispatcherImpl.addServiceContexts(ClientRequestDispatcherImpl.java:822)
	at com.sun.corba.ee.impl.protocol.ClientRequestDispatcherImpl.beginRequest(ClientRequestDispatcherImpl.java:293)
	at com.sun.corba.ee.impl.protocol.ClientDelegateImpl.request(ClientDelegateImpl.java:227)
	at com.sun.corba.ee.impl.resolver.BootstrapResolverImpl.invoke(BootstrapResolverImpl.java:112)
	at com.sun.corba.ee.impl.resolver.BootstrapResolverImpl.resolve(BootstrapResolverImpl.java:145)
	at com.sun.corba.ee.impl.resolver.CompositeResolverImpl.resolve(CompositeResolverImpl.java:61)
	at com.sun.corba.ee.impl.resolver.CompositeResolverImpl.resolve(CompositeResolverImpl.java:61)
	at com.sun.corba.ee.impl.resolver.CompositeResolverImpl.resolve(CompositeResolverImpl.java:61)
	at com.sun.corba.ee.impl.orb.ORBImpl.resolve_initial_references(ORBImpl.java:1259)
	at org.glassfish.enterprise.iiop.impl.GlassFishORBManager.initORB(GlassFishORBManager.java:590)
	at org.glassfish.enterprise.iiop.impl.GlassFishORBManager.getORB(GlassFishORBManager.java:264)
	at org.glassfish.enterprise.iiop.impl.GlassFishORBFactoryImpl.createORB(GlassFishORBFactoryImpl.java:93)
	at org.glassfish.enterprise.iiop.api.GlassFishORBHelper.getORB(GlassFishORBHelper.java:163)
	at org.glassfish.enterprise.iiop.api.GlassFishORBHelper.getProtocolManager(GlassFishORBHelper.java:231)
	at com.sun.ejb.containers.BaseContainer.initializeProtocolManager(BaseContainer.java:830)
	at com.sun.ejb.containers.BaseContainer.<init>(BaseContainer.java:590)
	at com.sun.ejb.containers.StatelessSessionContainer.<init>(StatelessSessionContainer.java:143)
	at com.sun.ejb.containers.StatelessSessionContainer.<init>(StatelessSessionContainer.java:137)
	at com.sun.ejb.containers.StatelessContainerFactory.createContainer(StatelessContainerFactory.java:61)
	at org.glassfish.ejb.startup.EjbApplication.loadContainers(EjbApplication.java:221)
	at org.glassfish.ejb.startup.EjbDeployer.load(EjbDeployer.java:291)
	at org.glassfish.ejb.startup.EjbDeployer.load(EjbDeployer.java:99)
	at org.glassfish.internal.data.ModuleInfo.load(ModuleInfo.java:206)
	at org.glassfish.internal.data.ApplicationInfo.load(ApplicationInfo.java:313)
	at com.sun.enterprise.v3.server.ApplicationLifecycle.deploy(ApplicationLifecycle.java:493)
	at com.sun.enterprise.v3.server.ApplicationLifecycle.deploy(ApplicationLifecycle.java:219)
	at org.glassfish.deployment.admin.DeployCommand.execute(DeployCommand.java:491)
	at com.sun.enterprise.v3.admin.CommandRunnerImpl$2$1.run(CommandRunnerImpl.java:527)
	at com.sun.enterprise.v3.admin.CommandRunnerImpl$2$1.run(CommandRunnerImpl.java:523)
	at java.security.AccessController.doPrivileged(Native Method)
	at javax.security.auth.Subject.doAs(Subject.java:356)
	at com.sun.enterprise.v3.admin.CommandRunnerImpl$2.execute(CommandRunnerImpl.java:522)
	at com.sun.enterprise.v3.admin.CommandRunnerImpl.doCommand(CommandRunnerImpl.java:546)
	at com.sun.enterprise.v3.admin.CommandRunnerImpl.doCommand(CommandRunnerImpl.java:1423)
	at com.sun.enterprise.v3.admin.CommandRunnerImpl.access$1500(CommandRunnerImpl.java:108)
	at com.sun.enterprise.v3.admin.CommandRunnerImpl$ExecutionContext.execute(CommandRunnerImpl.java:1762)
	at com.sun.enterprise.v3.admin.CommandRunnerImpl$ExecutionContext.execute(CommandRunnerImpl.java:1674)
	at com.sun.enterprise.admin.cli.embeddable.DeployerImpl.deploy(DeployerImpl.java:133)
	at com.sun.enterprise.admin.cli.embeddable.DeployerImpl.deploy(DeployerImpl.java:109)
	at org.glassfish.ejb.embedded.EJBContainerImpl.deploy(EJBContainerImpl.java:138)
	at org.glassfish.ejb.embedded.EJBContainerProviderImpl.createEJBContainer(EJBContainerProviderImpl.java:134)
	at javax.ejb.embeddable.EJBContainer.createEJBContainer(EJBContainer.java:127)
	at javax.ejb.embeddable.EJBContainer.createEJBContainer(EJBContainer.java:102)
	at GestoreAccountRemoto.GestoreAccountRemotoTest.testVerificaDatiAccount(GestoreAccountRemotoTest.java:71)
	at sun.reflect.NativeMethodAccessorImpl.invoke0(Native Method)
	at sun.reflect.NativeMethodAccessorImpl.invoke(NativeMethodAccessorImpl.java:57)
	at sun.reflect.DelegatingMethodAccessorImpl.invoke(DelegatingMethodAccessorImpl.java:43)
	at java.lang.reflect.Method.invoke(Method.java:606)
	at org.junit.runners.model.FrameworkMethod$1.runReflectiveCall(FrameworkMethod.java:45)
	at org.junit.internal.runners.model.ReflectiveCallable.run(ReflectiveCallable.java:15)
	at org.junit.runners.model.FrameworkMethod.invokeExplosively(FrameworkMethod.java:42)
	at org.junit.internal.runners.statements.InvokeMethod.evaluate(InvokeMethod.java:20)
	at org.junit.internal.runners.statements.RunBefores.evaluate(RunBefores.java:28)
	at org.junit.internal.runners.statements.RunAfters.evaluate(RunAfters.java:30)
	at org.junit.runners.ParentRunner.runLeaf(ParentRunner.java:263)
	at org.junit.runners.BlockJUnit4ClassRunner.runChild(BlockJUnit4ClassRunner.java:68)
	at org.junit.runners.BlockJUnit4ClassRunner.runChild(BlockJUnit4ClassRunner.java:47)
	at org.junit.runners.ParentRunner$3.run(ParentRunner.java:231)
	at org.junit.runners.ParentRunner$1.schedule(ParentRunner.java:60)
	at org.junit.runners.ParentRunner.runChildren(ParentRunner.java:229)
	at org.junit.runners.ParentRunner.access$000(ParentRunner.java:50)
	at org.junit.runners.ParentRunner$2.evaluate(ParentRunner.java:222)
	at org.junit.internal.runners.statements.RunBefores.evaluate(RunBefores.java:28)
	at org.junit.internal.runners.statements.RunAfters.evaluate(RunAfters.java:30)
	at org.junit.runners.ParentRunner.run(ParentRunner.java:300)
	at junit.framework.JUnit4TestAdapter.run(JUnit4TestAdapter.java:39)
	at org.apache.tools.ant.taskdefs.optional.junit.JUnitTestRunner.run(JUnitTestRunner.java:523)
	at org.apache.tools.ant.taskdefs.optional.junit.JUnitTestRunner.launch(JUnitTestRunner.java:1063)
	at org.apache.tools.ant.taskdefs.optional.junit.JUnitTestRunner.main(JUnitTestRunner.java:914)
Caused by: org.omg.CORBA.COMM_FAILURE: Grave: 00410016: Unable to create IIOP listener on the specified host all interfaces and port 3.700  vmcid: OMG  minor code: 16  completed: No
	at com.sun.proxy.$Proxy175.createListenerFailed(Unknown Source)
	at com.sun.corba.ee.impl.transport.AcceptorImpl.initialize(AcceptorImpl.java:98)
	at com.sun.corba.ee.impl.transport.TransportManagerImpl.getAcceptors(TransportManagerImpl.java:232)
	at com.sun.corba.ee.impl.transport.TransportManagerImpl.addToIORTemplate(TransportManagerImpl.java:251)
	at com.sun.corba.ee.spi.oa.ObjectAdapterBase.initializeTemplate(ObjectAdapterBase.java:103)
	at com.sun.corba.ee.impl.oa.toa.TOAImpl.<init>(TOAImpl.java:133)
	at com.sun.corba.ee.impl.oa.toa.TOAFactory.getTOA(TOAFactory.java:118)
	at com.sun.corba.ee.impl.orb.ORBImpl.connect(ORBImpl.java:1690)
	... 72 more
Caused by: java.net.BindException: Address already in use
	at sun.nio.ch.Net.bind0(Native Method)
	at sun.nio.ch.Net.bind(Net.java:444)
	at sun.nio.ch.Net.bind(Net.java:436)
	at sun.nio.ch.ServerSocketChannelImpl.bind(ServerSocketChannelImpl.java:214)
	at sun.nio.ch.ServerSocketAdaptor.bind(ServerSocketAdaptor.java:74)
	at sun.nio.ch.ServerSocketAdaptor.bind(ServerSocketAdaptor.java:67)
	at org.glassfish.enterprise.iiop.impl.IIOPSSLSocketFactory.createServerSocket(IIOPSSLSocketFactory.java:297)
	at com.sun.corba.ee.impl.transport.AcceptorImpl.initialize(AcceptorImpl.java:91)
	... 78 more

mag 14, 2014 11:11:59 AM org.glassfish.internal.data.ModuleInfo load
Grave: Exception while invoking class org.glassfish.ejb.startup.EjbDeployer load method
java.lang.RuntimeException: EJB Container initialization error
	at org.glassfish.ejb.startup.EjbApplication.loadContainers(EjbApplication.java:234)
	at org.glassfish.ejb.startup.EjbDeployer.load(EjbDeployer.java:291)
	at org.glassfish.ejb.startup.EjbDeployer.load(EjbDeployer.java:99)
	at org.glassfish.internal.data.ModuleInfo.load(ModuleInfo.java:206)
	at org.glassfish.internal.data.ApplicationInfo.load(ApplicationInfo.java:313)
	at com.sun.enterprise.v3.server.ApplicationLifecycle.deploy(ApplicationLifecycle.java:493)
	at com.sun.enterprise.v3.server.ApplicationLifecycle.deploy(ApplicationLifecycle.java:219)
	at org.glassfish.deployment.admin.DeployCommand.execute(DeployCommand.java:491)
	at com.sun.enterprise.v3.admin.CommandRunnerImpl$2$1.run(CommandRunnerImpl.java:527)
	at com.sun.enterprise.v3.admin.CommandRunnerImpl$2$1.run(CommandRunnerImpl.java:523)
	at java.security.AccessController.doPrivileged(Native Method)
	at javax.security.auth.Subject.doAs(Subject.java:356)
	at com.sun.enterprise.v3.admin.CommandRunnerImpl$2.execute(CommandRunnerImpl.java:522)
	at com.sun.enterprise.v3.admin.CommandRunnerImpl.doCommand(CommandRunnerImpl.java:546)
	at com.sun.enterprise.v3.admin.CommandRunnerImpl.doCommand(CommandRunnerImpl.java:1423)
	at com.sun.enterprise.v3.admin.CommandRunnerImpl.access$1500(CommandRunnerImpl.java:108)
	at com.sun.enterprise.v3.admin.CommandRunnerImpl$ExecutionContext.execute(CommandRunnerImpl.java:1762)
	at com.sun.enterprise.v3.admin.CommandRunnerImpl$ExecutionContext.execute(CommandRunnerImpl.java:1674)
	at com.sun.enterprise.admin.cli.embeddable.DeployerImpl.deploy(DeployerImpl.java:133)
	at com.sun.enterprise.admin.cli.embeddable.DeployerImpl.deploy(DeployerImpl.java:109)
	at org.glassfish.ejb.embedded.EJBContainerImpl.deploy(EJBContainerImpl.java:138)
	at org.glassfish.ejb.embedded.EJBContainerProviderImpl.createEJBContainer(EJBContainerProviderImpl.java:134)
	at javax.ejb.embeddable.EJBContainer.createEJBContainer(EJBContainer.java:127)
	at javax.ejb.embeddable.EJBContainer.createEJBContainer(EJBContainer.java:102)
	at GestoreAccountRemoto.GestoreAccountRemotoTest.testVerificaDatiAccount(GestoreAccountRemotoTest.java:71)
	at sun.reflect.NativeMethodAccessorImpl.invoke0(Native Method)
	at sun.reflect.NativeMethodAccessorImpl.invoke(NativeMethodAccessorImpl.java:57)
	at sun.reflect.DelegatingMethodAccessorImpl.invoke(DelegatingMethodAccessorImpl.java:43)
	at java.lang.reflect.Method.invoke(Method.java:606)
	at org.junit.runners.model.FrameworkMethod$1.runReflectiveCall(FrameworkMethod.java:45)
	at org.junit.internal.runners.model.ReflectiveCallable.run(ReflectiveCallable.java:15)
	at org.junit.runners.model.FrameworkMethod.invokeExplosively(FrameworkMethod.java:42)
	at org.junit.internal.runners.statements.InvokeMethod.evaluate(InvokeMethod.java:20)
	at org.junit.internal.runners.statements.RunBefores.evaluate(RunBefores.java:28)
	at org.junit.internal.runners.statements.RunAfters.evaluate(RunAfters.java:30)
	at org.junit.runners.ParentRunner.runLeaf(ParentRunner.java:263)
	at org.junit.runners.BlockJUnit4ClassRunner.runChild(BlockJUnit4ClassRunner.java:68)
	at org.junit.runners.BlockJUnit4ClassRunner.runChild(BlockJUnit4ClassRunner.java:47)
	at org.junit.runners.ParentRunner$3.run(ParentRunner.java:231)
	at org.junit.runners.ParentRunner$1.schedule(ParentRunner.java:60)
	at org.junit.runners.ParentRunner.runChildren(ParentRunner.java:229)
	at org.junit.runners.ParentRunner.access$000(ParentRunner.java:50)
	at org.junit.runners.ParentRunner$2.evaluate(ParentRunner.java:222)
	at org.junit.internal.runners.statements.RunBefores.evaluate(RunBefores.java:28)
	at org.junit.internal.runners.statements.RunAfters.evaluate(RunAfters.java:30)
	at org.junit.runners.ParentRunner.run(ParentRunner.java:300)
	at junit.framework.JUnit4TestAdapter.run(JUnit4TestAdapter.java:39)
	at org.apache.tools.ant.taskdefs.optional.junit.JUnitTestRunner.run(JUnitTestRunner.java:523)
	at org.apache.tools.ant.taskdefs.optional.junit.JUnitTestRunner.launch(JUnitTestRunner.java:1063)
	at org.apache.tools.ant.taskdefs.optional.junit.JUnitTestRunner.main(JUnitTestRunner.java:914)
Caused by: java.lang.RuntimeException: IIOP Protocol Manager initialization failed.  Possible cause is that ORB is not available in this container
	at com.sun.ejb.containers.BaseContainer.initializeProtocolManager(BaseContainer.java:833)
	at com.sun.ejb.containers.BaseContainer.<init>(BaseContainer.java:590)
	at com.sun.ejb.containers.StatelessSessionContainer.<init>(StatelessSessionContainer.java:143)
	at com.sun.ejb.containers.StatelessSessionContainer.<init>(StatelessSessionContainer.java:137)
	at com.sun.ejb.containers.StatelessContainerFactory.createContainer(StatelessContainerFactory.java:61)
	at org.glassfish.ejb.startup.EjbApplication.loadContainers(EjbApplication.java:221)
	... 49 more
Caused by: java.lang.RuntimeException: Orb initialization erorr
	at org.glassfish.enterprise.iiop.api.GlassFishORBHelper.getORB(GlassFishORBHelper.java:191)
	at org.glassfish.enterprise.iiop.api.GlassFishORBHelper.getProtocolManager(GlassFishORBHelper.java:231)
	at com.sun.ejb.containers.BaseContainer.initializeProtocolManager(BaseContainer.java:830)
	... 54 more
Caused by: java.lang.RuntimeException: org.omg.CORBA.OBJ_ADAPTER: Avvertenza: 02310002: Error in connecting servant to ORB  vmcid: OMG  minor code: 2  completed: No
	at org.glassfish.enterprise.iiop.impl.GlassFishORBManager.initORB(GlassFishORBManager.java:626)
	at org.glassfish.enterprise.iiop.impl.GlassFishORBManager.getORB(GlassFishORBManager.java:264)
	at org.glassfish.enterprise.iiop.impl.GlassFishORBFactoryImpl.createORB(GlassFishORBFactoryImpl.java:93)
	at org.glassfish.enterprise.iiop.api.GlassFishORBHelper.getORB(GlassFishORBHelper.java:163)
	... 56 more
Caused by: org.omg.CORBA.OBJ_ADAPTER: Avvertenza: 02310002: Error in connecting servant to ORB  vmcid: OMG  minor code: 2  completed: No
	at com.sun.proxy.$Proxy175.orbConnectError(Unknown Source)
	at com.sun.corba.ee.impl.orb.ORBImpl.connect(ORBImpl.java:1692)
	at com.sun.corba.ee.spi.presentation.rmi.StubAdapter.connect(StubAdapter.java:216)
	at com.sun.corba.ee.impl.orb.ORBImpl.getIOR(ORBImpl.java:2082)
	at com.sun.corba.ee.impl.orb.ORBImpl.getFVDCodeBaseIOR(ORBImpl.java:981)
	at com.sun.corba.ee.impl.protocol.ClientRequestDispatcherImpl.addServiceContexts(ClientRequestDispatcherImpl.java:822)
	at com.sun.corba.ee.impl.protocol.ClientRequestDispatcherImpl.beginRequest(ClientRequestDispatcherImpl.java:293)
	at com.sun.corba.ee.impl.protocol.ClientDelegateImpl.request(ClientDelegateImpl.java:227)
	at com.sun.corba.ee.impl.resolver.BootstrapResolverImpl.invoke(BootstrapResolverImpl.java:112)
	at com.sun.corba.ee.impl.resolver.BootstrapResolverImpl.resolve(BootstrapResolverImpl.java:145)
	at com.sun.corba.ee.impl.resolver.CompositeResolverImpl.resolve(CompositeResolverImpl.java:61)
	at com.sun.corba.ee.impl.resolver.CompositeResolverImpl.resolve(CompositeResolverImpl.java:61)
	at com.sun.corba.ee.impl.resolver.CompositeResolverImpl.resolve(CompositeResolverImpl.java:61)
	at com.sun.corba.ee.impl.orb.ORBImpl.resolve_initial_references(ORBImpl.java:1259)
	at org.glassfish.enterprise.iiop.impl.GlassFishORBManager.initORB(GlassFishORBManager.java:590)
	... 59 more
Caused by: org.omg.CORBA.COMM_FAILURE: Grave: 00410016: Unable to create IIOP listener on the specified host all interfaces and port 3.700  vmcid: OMG  minor code: 16  completed: No
	at com.sun.proxy.$Proxy175.createListenerFailed(Unknown Source)
	at com.sun.corba.ee.impl.transport.AcceptorImpl.initialize(AcceptorImpl.java:98)
	at com.sun.corba.ee.impl.transport.TransportManagerImpl.getAcceptors(TransportManagerImpl.java:232)
	at com.sun.corba.ee.impl.transport.TransportManagerImpl.addToIORTemplate(TransportManagerImpl.java:251)
	at com.sun.corba.ee.spi.oa.ObjectAdapterBase.initializeTemplate(ObjectAdapterBase.java:103)
	at com.sun.corba.ee.impl.oa.toa.TOAImpl.<init>(TOAImpl.java:133)
	at com.sun.corba.ee.impl.oa.toa.TOAFactory.getTOA(TOAFactory.java:118)
	at com.sun.corba.ee.impl.orb.ORBImpl.connect(ORBImpl.java:1690)
	... 72 more
Caused by: java.net.BindException: Address already in use
	at sun.nio.ch.Net.bind0(Native Method)
	at sun.nio.ch.Net.bind(Net.java:444)
	at sun.nio.ch.Net.bind(Net.java:436)
	at sun.nio.ch.ServerSocketChannelImpl.bind(ServerSocketChannelImpl.java:214)
	at sun.nio.ch.ServerSocketAdaptor.bind(ServerSocketAdaptor.java:74)
	at sun.nio.ch.ServerSocketAdaptor.bind(ServerSocketAdaptor.java:67)
	at org.glassfish.enterprise.iiop.impl.IIOPSSLSocketFactory.createServerSocket(IIOPSSLSocketFactory.java:297)
	at com.sun.corba.ee.impl.transport.AcceptorImpl.initialize(AcceptorImpl.java:91)
	... 78 more

mag 14, 2014 11:11:59 AM com.sun.enterprise.v3.server.ApplicationLifecycle deploy
Grave: Exception during lifecycle processing
java.lang.RuntimeException: EJB Container initialization error
	at org.glassfish.ejb.startup.EjbApplication.loadContainers(EjbApplication.java:234)
	at org.glassfish.ejb.startup.EjbDeployer.load(EjbDeployer.java:291)
	at org.glassfish.ejb.startup.EjbDeployer.load(EjbDeployer.java:99)
	at org.glassfish.internal.data.ModuleInfo.load(ModuleInfo.java:206)
	at org.glassfish.internal.data.ApplicationInfo.load(ApplicationInfo.java:313)
	at com.sun.enterprise.v3.server.ApplicationLifecycle.deploy(ApplicationLifecycle.java:493)
	at com.sun.enterprise.v3.server.ApplicationLifecycle.deploy(ApplicationLifecycle.java:219)
	at org.glassfish.deployment.admin.DeployCommand.execute(DeployCommand.java:491)
	at com.sun.enterprise.v3.admin.CommandRunnerImpl$2$1.run(CommandRunnerImpl.java:527)
	at com.sun.enterprise.v3.admin.CommandRunnerImpl$2$1.run(CommandRunnerImpl.java:523)
	at java.security.AccessController.doPrivileged(Native Method)
	at javax.security.auth.Subject.doAs(Subject.java:356)
	at com.sun.enterprise.v3.admin.CommandRunnerImpl$2.execute(CommandRunnerImpl.java:522)
	at com.sun.enterprise.v3.admin.CommandRunnerImpl.doCommand(CommandRunnerImpl.java:546)
	at com.sun.enterprise.v3.admin.CommandRunnerImpl.doCommand(CommandRunnerImpl.java:1423)
	at com.sun.enterprise.v3.admin.CommandRunnerImpl.access$1500(CommandRunnerImpl.java:108)
	at com.sun.enterprise.v3.admin.CommandRunnerImpl$ExecutionContext.execute(CommandRunnerImpl.java:1762)
	at com.sun.enterprise.v3.admin.CommandRunnerImpl$ExecutionContext.execute(CommandRunnerImpl.java:1674)
	at com.sun.enterprise.admin.cli.embeddable.DeployerImpl.deploy(DeployerImpl.java:133)
	at com.sun.enterprise.admin.cli.embeddable.DeployerImpl.deploy(DeployerImpl.java:109)
	at org.glassfish.ejb.embedded.EJBContainerImpl.deploy(EJBContainerImpl.java:138)
	at org.glassfish.ejb.embedded.EJBContainerProviderImpl.createEJBContainer(EJBContainerProviderImpl.java:134)
	at javax.ejb.embeddable.EJBContainer.createEJBContainer(EJBContainer.java:127)
	at javax.ejb.embeddable.EJBContainer.createEJBContainer(EJBContainer.java:102)
	at GestoreAccountRemoto.GestoreAccountRemotoTest.testVerificaDatiAccount(GestoreAccountRemotoTest.java:71)
	at sun.reflect.NativeMethodAccessorImpl.invoke0(Native Method)
	at sun.reflect.NativeMethodAccessorImpl.invoke(NativeMethodAccessorImpl.java:57)
	at sun.reflect.DelegatingMethodAccessorImpl.invoke(DelegatingMethodAccessorImpl.java:43)
	at java.lang.reflect.Method.invoke(Method.java:606)
	at org.junit.runners.model.FrameworkMethod$1.runReflectiveCall(FrameworkMethod.java:45)
	at org.junit.internal.runners.model.ReflectiveCallable.run(ReflectiveCallable.java:15)
	at org.junit.runners.model.FrameworkMethod.invokeExplosively(FrameworkMethod.java:42)
	at org.junit.internal.runners.statements.InvokeMethod.evaluate(InvokeMethod.java:20)
	at org.junit.internal.runners.statements.RunBefores.evaluate(RunBefores.java:28)
	at org.junit.internal.runners.statements.RunAfters.evaluate(RunAfters.java:30)
	at org.junit.runners.ParentRunner.runLeaf(ParentRunner.java:263)
	at org.junit.runners.BlockJUnit4ClassRunner.runChild(BlockJUnit4ClassRunner.java:68)
	at org.junit.runners.BlockJUnit4ClassRunner.runChild(BlockJUnit4ClassRunner.java:47)
	at org.junit.runners.ParentRunner$3.run(ParentRunner.java:231)
	at org.junit.runners.ParentRunner$1.schedule(ParentRunner.java:60)
	at org.junit.runners.ParentRunner.runChildren(ParentRunner.java:229)
	at org.junit.runners.ParentRunner.access$000(ParentRunner.java:50)
	at org.junit.runners.ParentRunner$2.evaluate(ParentRunner.java:222)
	at org.junit.internal.runners.statements.RunBefores.evaluate(RunBefores.java:28)
	at org.junit.internal.runners.statements.RunAfters.evaluate(RunAfters.java:30)
	at org.junit.runners.ParentRunner.run(ParentRunner.java:300)
	at junit.framework.JUnit4TestAdapter.run(JUnit4TestAdapter.java:39)
	at org.apache.tools.ant.taskdefs.optional.junit.JUnitTestRunner.run(JUnitTestRunner.java:523)
	at org.apache.tools.ant.taskdefs.optional.junit.JUnitTestRunner.launch(JUnitTestRunner.java:1063)
	at org.apache.tools.ant.taskdefs.optional.junit.JUnitTestRunner.main(JUnitTestRunner.java:914)
Caused by: java.lang.RuntimeException: IIOP Protocol Manager initialization failed.  Possible cause is that ORB is not available in this container
	at com.sun.ejb.containers.BaseContainer.initializeProtocolManager(BaseContainer.java:833)
	at com.sun.ejb.containers.BaseContainer.<init>(BaseContainer.java:590)
	at com.sun.ejb.containers.StatelessSessionContainer.<init>(StatelessSessionContainer.java:143)
	at com.sun.ejb.containers.StatelessSessionContainer.<init>(StatelessSessionContainer.java:137)
	at com.sun.ejb.containers.StatelessContainerFactory.createContainer(StatelessContainerFactory.java:61)
	at org.glassfish.ejb.startup.EjbApplication.loadContainers(EjbApplication.java:221)
	... 49 more
Caused by: java.lang.RuntimeException: Orb initialization erorr
	at org.glassfish.enterprise.iiop.api.GlassFishORBHelper.getORB(GlassFishORBHelper.java:191)
	at org.glassfish.enterprise.iiop.api.GlassFishORBHelper.getProtocolManager(GlassFishORBHelper.java:231)
	at com.sun.ejb.containers.BaseContainer.initializeProtocolManager(BaseContainer.java:830)
	... 54 more
Caused by: java.lang.RuntimeException: org.omg.CORBA.OBJ_ADAPTER: Avvertenza: 02310002: Error in connecting servant to ORB  vmcid: OMG  minor code: 2  completed: No
	at org.glassfish.enterprise.iiop.impl.GlassFishORBManager.initORB(GlassFishORBManager.java:626)
	at org.glassfish.enterprise.iiop.impl.GlassFishORBManager.getORB(GlassFishORBManager.java:264)
	at org.glassfish.enterprise.iiop.impl.GlassFishORBFactoryImpl.createORB(GlassFishORBFactoryImpl.java:93)
[...]
	at com.sun.corba.ee.impl.resolver.CompositeResolverImpl.resolve(CompositeResolverImpl.java:61)
	at com.sun.corba.ee.impl.orb.ORBImpl.resolve_initial_references(ORBImpl.java:1259)
	at org.glassfish.enterprise.iiop.impl.GlassFishORBManager.initORB(GlassFishORBManager.java:590)
	... 59 more
Caused by: org.omg.CORBA.COMM_FAILURE: Grave: 00410016: Unable to create IIOP listener on the specified host all interfaces and port 3.700  vmcid: OMG  minor code: 16  completed: No
	at com.sun.proxy.$Proxy175.createListenerFailed(Unknown Source)
	at com.sun.corba.ee.impl.transport.AcceptorImpl.initialize(AcceptorImpl.java:98)
	at com.sun.corba.ee.impl.transport.TransportManagerImpl.getAcceptors(TransportManagerImpl.java:232)
	at com.sun.corba.ee.impl.transport.TransportManagerImpl.addToIORTemplate(TransportManagerImpl.java:251)
	at com.sun.corba.ee.spi.oa.ObjectAdapterBase.initializeTemplate(ObjectAdapterBase.java:103)
	at com.sun.corba.ee.impl.oa.toa.TOAImpl.<init>(TOAImpl.java:133)
	at com.sun.corba.ee.impl.oa.toa.TOAFactory.getTOA(TOAFactory.java:118)
	at com.sun.corba.ee.impl.orb.ORBImpl.connect(ORBImpl.java:1690)
	... 72 more
Caused by: java.net.BindException: Address already in use
	at sun.nio.ch.Net.bind0(Native Method)
	at sun.nio.ch.Net.bind(Net.java:444)
	at sun.nio.ch.Net.bind(Net.java:436)
	at sun.nio.ch.ServerSocketChannelImpl.bind(ServerSocketChannelImpl.java:214)
	at sun.nio.ch.ServerSocketAdaptor.bind(ServerSocketAdaptor.java:74)
	at sun.nio.ch.ServerSocketAdaptor.bind(ServerSocketAdaptor.java:67)
	at org.glassfish.enterprise.iiop.impl.IIOPSSLSocketFactory.createServerSocket(IIOPSSLSocketFactory.java:297)
	at com.sun.corba.ee.impl.transport.AcceptorImpl.initialize(AcceptorImpl.java:91)
	... 78 more

mag 14, 2014 11:12:19 AM com.sun.enterprise.v3.server.ApplicationLifecycle deploy
Grave: Exception during lifecycle processing
java.lang.RuntimeException: EJB Container initialization error
	at org.glassfish.ejb.startup.EjbApplication.loadContainers(EjbApplication.java:234)
	at org.glassfish.ejb.startup.EjbDeployer.load(EjbDeployer.java:291)
	at org.glassfish.ejb.startup.EjbDeployer.load(EjbDeployer.java:99)
	at org.glassfish.internal.data.ModuleInfo.load(ModuleInfo.java:206)
	at org.glassfish.internal.data.ApplicationInfo.load(ApplicationInfo.java:313)
	at com.sun.enterprise.v3.server.ApplicationLifecycle.deploy(ApplicationLifecycle.java:493)
	at com.sun.enterprise.v3.server.ApplicationLifecycle.deploy(ApplicationLifecycle.java:219)
	at org.glassfish.deployment.admin.DeployCommand.execute(DeployCommand.java:491)
	at com.sun.enterprise.v3.admin.CommandRunnerImpl$2$1.run(CommandRunnerImpl.java:527)
	at com.sun.enterprise.v3.admin.CommandRunnerImpl$2$1.run(CommandRunnerImpl.java:523)
	at java.security.AccessController.doPrivileged(Native Method)
	at javax.security.auth.Subject.doAs(Subject.java:356)
	at com.sun.enterprise.v3.admin.CommandRunnerImpl$2.execute(CommandRunnerImpl.java:522)
	at com.sun.enterprise.v3.admin.CommandRunnerImpl.doCommand(CommandRunnerImpl.java:546)
	at com.sun.enterprise.v3.admin.CommandRunnerImpl.doCommand(CommandRunnerImpl.java:1423)
	at com.sun.enterprise.v3.admin.CommandRunnerImpl.access$1500(CommandRunnerImpl.java:108)
	at com.sun.enterprise.v3.admin.CommandRunnerImpl$ExecutionContext.execute(CommandRunnerImpl.java:1762)
	at com.sun.enterprise.v3.admin.CommandRunnerImpl$ExecutionContext.execute(CommandRunnerImpl.java:1674)
	at com.sun.enterprise.admin.cli.embeddable.DeployerImpl.deploy(DeployerImpl.java:133)
	at com.sun.enterprise.admin.cli.embeddable.DeployerImpl.deploy(DeployerImpl.java:109)
	at org.glassfish.ejb.embedded.EJBContainerImpl.deploy(EJBContainerImpl.java:138)
	at org.glassfish.ejb.embedded.EJBContainerProviderImpl.createEJBContainer(EJBContainerProviderImpl.java:134)
	at javax.ejb.embeddable.EJBContainer.createEJBContainer(EJBContainer.java:127)
	at javax.ejb.embeddable.EJBContainer.createEJBContainer(EJBContainer.java:102)
	at GestoreAccountRemoto.GestoreAccountRemotoTest.testVerificaDatiLogin(GestoreAccountRemotoTest.java:89)
	at sun.reflect.NativeMethodAccessorImpl.invoke0(Native Method)
	at sun.reflect.NativeMethodAccessorImpl.invoke(NativeMethodAccessorImpl.java:57)
	at sun.reflect.DelegatingMethodAccessorImpl.invoke(DelegatingMethodAccessorImpl.java:43)
	at java.lang.reflect.Method.invoke(Method.java:606)
	at org.junit.runners.model.FrameworkMethod$1.runReflectiveCall(FrameworkMethod.java:45)
	at org.junit.internal.runners.model.ReflectiveCallable.run(ReflectiveCallable.java:15)
	at org.junit.runners.model.FrameworkMethod.invokeExplosively(FrameworkMethod.java:42)
	at org.junit.internal.runners.statements.InvokeMethod.evaluate(InvokeMethod.java:20)
	at org.junit.internal.runners.statements.RunBefores.evaluate(RunBefores.java:28)
	at org.junit.internal.runners.statements.RunAfters.evaluate(RunAfters.java:30)
	at org.junit.runners.ParentRunner.runLeaf(ParentRunner.java:263)
	at org.junit.runners.BlockJUnit4ClassRunner.runChild(BlockJUnit4ClassRunner.java:68)
	at org.junit.runners.BlockJUnit4ClassRunner.runChild(BlockJUnit4ClassRunner.java:47)
	at org.junit.runners.ParentRunner$3.run(ParentRunner.java:231)
	at org.junit.runners.ParentRunner$1.schedule(ParentRunner.java:60)
	at org.junit.runners.ParentRunner.runChildren(ParentRunner.java:229)
	at org.junit.runners.ParentRunner.access$000(ParentRunner.java:50)
	at org.junit.runners.ParentRunner$2.evaluate(ParentRunner.java:222)
	at org.junit.internal.runners.statements.RunBefores.evaluate(RunBefores.java:28)
	at org.junit.internal.runners.statements.RunAfters.evaluate(RunAfters.java:30)
	at org.junit.runners.ParentRunner.run(ParentRunner.java:300)
	at junit.framework.JUnit4TestAdapter.run(JUnit4TestAdapter.java:39)
	at org.apache.tools.ant.taskdefs.optional.junit.JUnitTestRunner.run(JUnitTestRunner.java:523)
	at org.apache.tools.ant.taskdefs.optional.junit.JUnitTestRunner.launch(JUnitTestRunner.java:1063)
	at org.apache.tools.ant.taskdefs.optional.junit.JUnitTestRunner.main(JUnitTestRunner.java:914)
Caused by: java.lang.RuntimeException: IIOP Protocol Manager initialization failed.  Possible cause is that ORB is not available in this container
	at com.sun.ejb.containers.BaseContainer.initializeProtocolManager(BaseContainer.java:833)
	at com.sun.ejb.containers.BaseContainer.<init>(BaseContainer.java:590)
	at com.sun.ejb.containers.StatelessSessionContainer.<init>(StatelessSessionContainer.java:143)
	at com.sun.ejb.containers.StatelessSessionContainer.<init>(StatelessSessionContainer.java:137)
	at com.sun.ejb.containers.StatelessContainerFactory.createContainer(StatelessContainerFactory.java:61)
	at org.glassfish.ejb.startup.EjbApplication.loadContainers(EjbApplication.java:221)
	... 49 more
Caused by: java.lang.RuntimeException: Orb initialization erorr
	at org.glassfish.enterprise.iiop.api.GlassFishORBHelper.getORB(GlassFishORBHelper.java:191)
	at org.glassfish.enterprise.iiop.api.GlassFishORBHelper.getProtocolManager(GlassFishORBHelper.java:231)
	at com.sun.ejb.containers.BaseContainer.initializeProtocolManager(BaseContainer.java:830)
	... 54 more
Caused by: java.lang.RuntimeException: org.omg.CORBA.OBJ_ADAPTER: Avvertenza: 02310002: Error in connecting servant to ORB  vmcid: OMG  minor code: 2  completed: No
	at org.glassfish.enterprise.iiop.impl.GlassFishORBManager.initORB(GlassFishORBManager.java:626)
	at org.glassfish.enterprise.iiop.impl.GlassFishORBManager.getORB(GlassFishORBManager.java:264)
	at org.glassfish.enterprise.iiop.impl.GlassFishORBFactoryImpl.createORB(GlassFishORBFactoryImpl.java:93)
	at org.glassfish.enterprise.iiop.api.GlassFishORBHelper.getORB(GlassFishORBHelper.java:163)
	... 56 more
Caused by: org.omg.CORBA.OBJ_ADAPTER: Avvertenza: 02310002: Error in connecting servant to ORB  vmcid: OMG  minor code: 2  completed: No
	at com.sun.proxy.$Proxy175.orbConnectError(Unknown Source)
	at com.sun.corba.ee.impl.orb.ORBImpl.connect(ORBImpl.java:1692)
	at com.sun.corba.ee.spi.presentation.rmi.StubAdapter.connect(StubAdapter.java:216)
	at com.sun.corba.ee.impl.orb.ORBImpl.getIOR(ORBImpl.java:2082)
	at com.sun.corba.ee.impl.orb.ORBImpl.getFVDCodeBaseIOR(ORBImpl.java:981)
	at com.sun.corba.ee.impl.protocol.ClientRequestDispatcherImpl.addServiceContexts(ClientRequestDispatcherImpl.java:822)
	at com.sun.corba.ee.impl.protocol.ClientRequestDispatcherImpl.beginRequest(ClientRequestDispatcherImpl.java:293)
	at com.sun.corba.ee.impl.protocol.ClientDelegateImpl.request(ClientDelegateImpl.java:227)
	at com.sun.corba.ee.impl.resolver.BootstrapResolverImpl.invoke(BootstrapResolverImpl.java:112)
	at com.sun.corba.ee.impl.resolver.BootstrapResolverImpl.resolve(BootstrapResolverImpl.java:145)
	at com.sun.corba.ee.impl.resolver.CompositeResolverImpl.resolve(CompositeResolverImpl.java:61)
	at com.sun.corba.ee.impl.resolver.CompositeResolverImpl.resolve(CompositeResolverImpl.java:61)
	at com.sun.corba.ee.impl.resolver.CompositeResolverImpl.resolve(CompositeResolverImpl.java:61)
	at com.sun.corba.ee.impl.orb.ORBImpl.resolve_initial_references(ORBImpl.java:1259)
	at org.glassfish.enterprise.iiop.impl.GlassFishORBManager.initORB(GlassFishORBManager.java:590)
	... 59 more
Caused by: org.omg.CORBA.COMM_FAILURE: Grave: 00410016: Unable to create IIOP listener on the specified host all interfaces and port 3.700  vmcid: OMG  minor code: 16  completed: No
	at com.sun.proxy.$Proxy175.createListenerFailed(Unknown Source)
	at com.sun.corba.ee.impl.transport.AcceptorImpl.initialize(AcceptorImpl.java:98)
	at com.sun.corba.ee.impl.transport.TransportManagerImpl.getAcceptors(TransportManagerImpl.java:232)
	at com.sun.corba.ee.impl.transport.TransportManagerImpl.addToIORTemplate(TransportManagerImpl.java:251)
	at com.sun.corba.ee.spi.oa.ObjectAdapterBase.initializeTemplate(ObjectAdapterBase.java:103)
	at com.sun.corba.ee.impl.oa.toa.TOAImpl.<init>(TOAImpl.java:133)
	at com.sun.corba.ee.impl.oa.toa.TOAFactory.getTOA(TOAFactory.java:118)
	at com.sun.corba.ee.impl.orb.ORBImpl.connect(ORBImpl.java:1690)
	... 72 more
Caused by: java.net.BindException: Address already in use
	at sun.nio.ch.Net.bind0(Native Method)
	at sun.nio.ch.Net.bind(Net.java:444)
	at sun.nio.ch.Net.bind(Net.java:436)
	at sun.nio.ch.ServerSocketChannelImpl.bind(ServerSocketChannelImpl.java:214)
	at sun.nio.ch.ServerSocketAdaptor.bind(ServerSocketAdaptor.java:74)
	at sun.nio.ch.ServerSocketAdaptor.bind(ServerSocketAdaptor.java:67)
	at org.glassfish.enterprise.iiop.impl.IIOPSSLSocketFactory.createServerSocket(IIOPSSLSocketFactory.java:297)
	at com.sun.corba.ee.impl.transport.AcceptorImpl.initialize(AcceptorImpl.java:91)
	... 78 more

mag 14, 2014 11:12:19 AM org.glassfish.api.ActionReport failure
Grave: Exception while loading the app
mag 14, 2014 11:12:19 AM org.glassfish.deployment.admin.DeployCommand execute
Grave: Exception while loading the app : EJB Container initialization error
java.lang.RuntimeException: IIOP Protocol Manager initialization failed.  Possible cause is that ORB is not available in this container
	at com.sun.ejb.containers.BaseContainer.initializeProtocolManager(BaseContainer.java:833)
	at com.sun.ejb.containers.BaseContainer.<init>(BaseContainer.java:590)
	at com.sun.ejb.containers.StatelessSessionContainer.<init>(StatelessSessionContainer.java:143)
	at com.sun.ejb.containers.StatelessSessionContainer.<init>(StatelessSessionContainer.java:137)
	at com.sun.ejb.containers.StatelessContainerFactory.createContainer(StatelessContainerFactory.java:61)
	at org.glassfish.ejb.startup.EjbApplication.loadContainers(EjbApplication.java:221)
	at org.glassfish.ejb.startup.EjbDeployer.load(EjbDeployer.java:291)
	at org.glassfish.ejb.startup.EjbDeployer.load(EjbDeployer.java:99)
	at org.glassfish.internal.data.ModuleInfo.load(ModuleInfo.java:206)
	at org.glassfish.internal.data.ApplicationInfo.load(ApplicationInfo.java:313)
	at com.sun.enterprise.v3.server.ApplicationLifecycle.deploy(ApplicationLifecycle.java:493)
	at com.sun.enterprise.v3.server.ApplicationLifecycle.deploy(ApplicationLifecycle.java:219)
	at org.glassfish.deployment.admin.DeployCommand.execute(DeployCommand.java:491)
	at com.sun.enterprise.v3.admin.CommandRunnerImpl$2$1.run(CommandRunnerImpl.java:527)
	at com.sun.enterprise.v3.admin.CommandRunnerImpl$2$1.run(CommandRunnerImpl.java:523)
	at java.security.AccessController.doPrivileged(Native Method)
	at javax.security.auth.Subject.doAs(Subject.java:356)
	at com.sun.enterprise.v3.admin.CommandRunnerImpl$2.execute(CommandRunnerImpl.java:522)
	at com.sun.enterprise.v3.admin.CommandRunnerImpl.doCommand(CommandRunnerImpl.java:546)
	at com.sun.enterprise.v3.admin.CommandRunnerImpl.doCommand(CommandRunnerImpl.java:1423)
	at com.sun.enterprise.v3.admin.CommandRunnerImpl.access$1500(CommandRunnerImpl.java:108)
	at com.sun.enterprise.v3.admin.CommandRunnerImpl$ExecutionContext.execute(CommandRunnerImpl.java:1762)
	at com.sun.enterprise.v3.admin.CommandRunnerImpl$ExecutionContext.execute(CommandRunnerImpl.java:1674)
	at com.sun.enterprise.admin.cli.embeddable.DeployerImpl.deploy(DeployerImpl.java:133)
	at com.sun.enterprise.admin.cli.embeddable.DeployerImpl.deploy(DeployerImpl.java:109)
	at org.glassfish.ejb.embedded.EJBContainerImpl.deploy(EJBContainerImpl.java:138)
	at org.glassfish.ejb.embedded.EJBContainerProviderImpl.createEJBContainer(EJBContainerProviderImpl.java:134)
	at javax.ejb.embeddable.EJBContainer.createEJBContainer(EJBContainer.java:127)
	at javax.ejb.embeddable.EJBContainer.createEJBContainer(EJBContainer.java:102)
	at GestoreAccountRemoto.GestoreAccountRemotoTest.testVerificaDatiLogin(GestoreAccountRemotoTest.java:89)
	at sun.reflect.NativeMethodAccessorImpl.invoke0(Native Method)
	at sun.reflect.NativeMethodAccessorImpl.invoke(NativeMethodAccessorImpl.java:57)
	at sun.reflect.DelegatingMethodAccessorImpl.invoke(DelegatingMethodAccessorImpl.java:43)
	at java.lang.reflect.Method.invoke(Method.java:606)
	at org.junit.runners.model.FrameworkMethod$1.runReflectiveCall(FrameworkMethod.java:45)
	at org.junit.internal.runners.model.ReflectiveCallable.run(ReflectiveCallable.java:15)
	at org.junit.runners.model.FrameworkMethod.invokeExplosively(FrameworkMethod.java:42)
	at org.junit.internal.runners.statements.InvokeMethod.evaluate(InvokeMethod.java:20)
	at org.junit.internal.runners.statements.RunBefores.evaluate(RunBefores.java:28)
	at org.junit.internal.runners.statements.RunAfters.evaluate(RunAfters.java:30)
	at org.junit.runners.ParentRunner.runLeaf(ParentRunner.java:263)
	at org.junit.runners.BlockJUnit4ClassRunner.runChild(BlockJUnit4ClassRunner.java:68)
	at org.junit.runners.BlockJUnit4ClassRunner.runChild(BlockJUnit4ClassRunner.java:47)
	at org.junit.runners.ParentRunner$3.run(ParentRunner.java:231)
	at org.junit.runners.ParentRunner$1.schedule(ParentRunner.java:60)
	at org.junit.runners.ParentRunner.runChildren(ParentRunner.java:229)
	at org.junit.runners.ParentRunner.access$000(ParentRunner.java:50)
	at org.junit.runners.ParentRunner$2.evaluate(ParentRunner.java:222)
	at org.junit.internal.runners.statements.RunBefores.evaluate(RunBefores.java:28)
	at org.junit.internal.runners.statements.RunAfters.evaluate(RunAfters.java:30)
	at org.junit.runners.ParentRunner.run(ParentRunner.java:300)
	at junit.framework.JUnit4TestAdapter.run(JUnit4TestAdapter.java:39)
	at org.apache.tools.ant.taskdefs.optional.junit.JUnitTestRunner.run(JUnitTestRunner.java:523)
	at org.apache.tools.ant.taskdefs.optional.junit.JUnitTestRunner.launch(JUnitTestRunner.java:1063)
	at org.apache.tools.ant.taskdefs.optional.junit.JUnitTestRunner.main(JUnitTestRunner.java:914)
Caused by: java.lang.RuntimeException: Orb initialization erorr
	at org.glassfish.enterprise.iiop.api.GlassFishORBHelper.getORB(GlassFishORBHelper.java:191)
	at org.glassfish.enterprise.iiop.api.GlassFishORBHelper.getProtocolManager(GlassFishORBHelper.java:231)
	at com.sun.ejb.containers.BaseContainer.initializeProtocolManager(BaseContainer.java:830)
	... 54 more
Caused by: java.lang.RuntimeException: org.omg.CORBA.OBJ_ADAPTER: Avvertenza: 02310002: Error in connecting servant to ORB  vmcid: OMG  minor code: 2  completed: No
	at org.glassfish.enterprise.iiop.impl.GlassFishORBManager.initORB(GlassFishORBManager.java:626)
	at org.glassfish.enterprise.iiop.impl.GlassFishORBManager.getORB(GlassFishORBManager.java:264)
	at org.glassfish.enterprise.iiop.impl.GlassFishORBFactoryImpl.createORB(GlassFishORBFactoryImpl.java:93)
	at org.glassfish.enterprise.iiop.api.GlassFishORBHelper.getORB(GlassFishORBHelper.java:163)
	... 56 more
Caused by: org.omg.CORBA.OBJ_ADAPTER: Avvertenza: 02310002: Error in connecting servant to ORB  vmcid: OMG  minor code: 2  completed: No
	at com.sun.proxy.$Proxy175.orbConnectError(Unknown Source)
	at com.sun.corba.ee.impl.orb.ORBImpl.connect(ORBImpl.java:1692)
	at com.sun.corba.ee.spi.presentation.rmi.StubAdapter.connect(StubAdapter.java:216)
	at com.sun.corba.ee.impl.orb.ORBImpl.getIOR(ORBImpl.java:2082)
	at com.sun.corba.ee.impl.orb.ORBImpl.getFVDCodeBaseIOR(ORBImpl.java:981)
	at com.sun.corba.ee.impl.protocol.ClientRequestDispatcherImpl.addServiceContexts(ClientRequestDispatcherImpl.java:822)
	at com.sun.corba.ee.impl.protocol.ClientRequestDispatcherImpl.beginRequest(ClientRequestDispatcherImpl.java:293)
	at com.sun.corba.ee.impl.protocol.ClientDelegateImpl.request(ClientDelegateImpl.java:227)
	at com.sun.corba.ee.impl.resolver.BootstrapResolverImpl.invoke(BootstrapResolverImpl.java:112)
	at com.sun.corba.ee.impl.resolver.BootstrapResolverImpl.resolve(BootstrapResolverImpl.java:145)
	at com.sun.corba.ee.impl.resolver.CompositeResolverImpl.resolve(CompositeResolverImpl.java:61)
	at com.sun.corba.ee.impl.resolver.CompositeResolverImpl.resolve(CompositeResolverImpl.java:61)
	at com.sun.corba.ee.impl.resolver.CompositeResolverImpl.resolve(CompositeResolverImpl.java:61)
	at com.sun.corba.ee.impl.orb.ORBImpl.resolve_initial_references(ORBImpl.java:1259)
	at org.glassfish.enterprise.iiop.impl.GlassFishORBManager.initORB(GlassFishORBManager.java:590)
	... 59 more
Caused by: org.omg.CORBA.COMM_FAILURE: Grave: 00410016: Unable to create IIOP listener on the specified host all interfaces and port 3.700  vmcid: OMG  minor code: 16  completed: No
	at com.sun.proxy.$Proxy175.createListenerFailed(Unknown Source)
	at com.sun.corba.ee.impl.transport.AcceptorImpl.initialize(AcceptorImpl.java:98)
	at com.sun.corba.ee.impl.transport.TransportManagerImpl.getAcceptors(TransportManagerImpl.java:232)
	at com.sun.corba.ee.impl.transport.TransportManagerImpl.addToIORTemplate(TransportManagerImpl.java:251)
	at com.sun.corba.ee.spi.oa.ObjectAdapterBase.initializeTemplate(ObjectAdapterBase.java:103)
	at com.sun.corba.ee.impl.oa.toa.TOAImpl.<init>(TOAImpl.java:133)
	at com.sun.corba.ee.impl.oa.toa.TOAFactory.getTOA(TOAFactory.java:118)
	at com.sun.corba.ee.impl.orb.ORBImpl.connect(ORBImpl.java:1690)
	... 72 more
Caused by: java.net.BindException: Address already in use
	at sun.nio.ch.Net.bind0(Native Method)
	at sun.nio.ch.Net.bind(Net.java:444)
	at sun.nio.ch.Net.bind(Net.java:436)
	at sun.nio.ch.ServerSocketChannelImpl.bind(ServerSocketChannelImpl.java:214)
	at sun.nio.ch.ServerSocketAdaptor.bind(ServerSocketAdaptor.java:74)
	at sun.nio.ch.ServerSocketAdaptor.bind(ServerSocketAdaptor.java:67)
	at org.glassfish.enterprise.iiop.impl.IIOPSSLSocketFactory.createServerSocket(IIOPSSLSocketFactory.java:297)
	at com.sun.corba.ee.impl.transport.AcceptorImpl.initialize(AcceptorImpl.java:91)
	... 78 more

mag 14, 2014 11:12:19 AM org.glassfish.ejb.embedded.EJBContainerProviderImpl createEJBContainer
Informazioni: [EJBContainerProviderImpl] Cleaning up on failure ...
mag 14, 2014 11:12:19 AM org.glassfish.admin.mbeanserver.JMXStartupService shutdown
Informazioni: JMXStartupService and JMXConnectors have been shut down.
mag 14, 2014 11:12:19 AM org.glassfish.admin.mbeanserver.JMXStartupService shutdown
Informazioni: JMXStartupService and JMXConnectors have been shut down.
mag 14, 2014 11:12:19 AM com.sun.enterprise.v3.server.AppServerStartup stop
Informazioni: Shutdown procedure finished
]]></system-err>
</testsuite>
